[2020-07-15 10:32:57,161][nnsvs][INFO] - list_path: train_list.txt
out_path: dump/kogare/org/in_duration_scaler.joblib
scaler:
  class: sklearn.preprocessing.MinMaxScaler
  params: {}
verbose: 100

[2020-07-15 10:32:57,835][nnsvs][INFO] - data min:
[ 0.         0.         0.         0.         0.         0.
  0.         0.         0.         0.         0.         0.
  0.         0.         0.         0.         0.         0.
  0.         0.         0.         0.         0.         0.
  0.         0.         0.         0.         0.         0.
  0.         0.         0.         0.         0.         0.
  0.         0.         0.         0.         0.         0.
  0.         0.         0.         0.         0.         0.
  0.         0.         0.         0.         0.         0.
  0.         0.         0.         0.         0.         0.
  0.         0.         0.         0.         0.         0.
  0.         0.         0.         0.         0.         0.
  0.         0.         0.         0.         0.         0.
  0.         0.         0.         0.         0.         0.
  0.         0.         0.         0.         0.         0.
  0.         0.         0.         0.         0.         0.
  0.         0.         0.         0.         0.         0.
  0.         0.         0.         0.         0.         0.
  0.         0.         0.         0.         0.         0.
  0.         0.         0.         0.         0.         0.
  0.         0.         0.         0.         0.         0.
  0.         0.         0.         0.         0.         0.
  0.         0.         0.         0.         0.         0.
  0.         0.         0.         0.         0.         0.
  0.         0.         0.         0.         0.         0.
  0.         0.         0.         0.         0.         0.
  0.         0.         0.         0.         0.         0.
  0.         0.         0.         0.         0.         0.
  0.         0.         0.         0.         0.         0.
  0.         0.         0.         0.         0.         0.
  0.         0.         0.         0.         0.         0.
  0.         0.         0.         0.         0.         0.
  0.         0.         0.         0.         0.         0.
  0.         0.         0.         0.         0.         0.
  0.         0.         0.         0.         0.         0.
  0.         0.         0.         0.         0.         0.
  0.         0.         0.         0.         0.         0.
  0.         0.         0.         0.         0.         0.
  0.         0.         0.         0.         0.         0.
  0.         0.         0.         0.         0.         0.
  0.         0.         0.         0.         0.         0.
  0.         0.         0.         0.         0.         0.
  0.         0.         0.         0.         0.         0.
  0.         0.         0.         0.         0.         0.
  0.         0.         0.         0.         0.         0.
  0.         0.         0.         0.         0.         0.
  0.         0.         0.         0.         0.         0.
  0.         0.         0.         0.         0.         0.
  0.         0.         0.         0.         0.         0.
  0.         0.         0.         0.         0.         0.
  0.         0.         1.         0.         0.         0.
  0.         0.         0.         0.         0.         0.
  0.         0.         0.         0.         0.         0.
  0.         0.         0.         0.         0.         0.
  0.         0.         0.         0.         0.         0.
  0.         0.         0.         0.         0.         1.
  0.         0.         0.         0.         0.         0.
  0.         0.         1.         1.         1.         1.
  1.         0.         0.         0.         0.         0.
  0.         0.         0.         6.0290127  6.0290127  6.0290127
  1.         1.        -1.        -1.        -1.        -1.
 -1.         1.         1.         1.        -1.        -1.
 -1.        -1.        -1.        -1.        -1.        -1.
 -1.         0.         1.        12.         6.         0.
  0.        -1.        -1.        -1.        -1.        -1.
 -1.        -1.        -1.        -1.        -1.        -1.
 -1.        -1.        -1.        -1.        -1.        -1.
 -1.        -1.        -1.        -1.        -1.        -1.
 -1.        -1.        -1.        -1.        -1.        -1.
 -1.        -1.        -1.        -1.        -1.        -1.       ]
[2020-07-15 10:32:57,840][nnsvs][INFO] - data max:
[  0.         1.         0.         1.         1.         1.
   1.         1.         1.         1.         0.         1.
   1.         0.         1.         1.         0.         1.
   1.         0.         1.         1.         0.         1.
   1.         0.         1.         1.         1.         1.
   1.         1.         1.         1.         1.         1.
   0.         0.         0.         1.         1.         0.
   0.         1.         0.         0.         1.         0.
   1.         0.         0.         0.         0.         1.
   0.         0.         0.         0.         0.         1.
   0.         0.         1.         0.         0.         0.
   0.         0.         0.         0.         1.         0.
   1.         0.         0.         0.         1.         0.
   1.         0.         1.         0.         1.         0.
   1.         0.         1.         0.         0.         0.
   0.         0.         0.         0.         0.         0.
   1.         0.         0.         0.         0.         1.
   1.         1.         1.         1.         0.         1.
   1.         0.         1.         1.         0.         1.
   1.         0.         1.         1.         0.         1.
   1.         0.         1.         1.         1.         1.
   1.         1.         1.         1.         1.         1.
   0.         0.         0.         1.         1.         0.
   0.         1.         0.         0.         1.         0.
   1.         0.         0.         0.         0.         1.
   0.         0.         0.         0.         0.         1.
   0.         0.         1.         0.         0.         0.
   0.         0.         0.         0.         1.         0.
   1.         0.         0.         0.         1.         0.
   1.         0.         1.         0.         1.         0.
   1.         0.         1.         0.         0.         0.
   0.         0.         0.         0.         0.         0.
   1.         0.         0.         0.         0.         1.
   1.         1.         1.         1.         0.         1.
   1.         0.         1.         1.         0.         1.
   1.         0.         1.         1.         0.         1.
   1.         0.         1.         1.         1.         1.
   1.         1.         1.         1.         1.         1.
   0.         0.         0.         1.         1.         0.
   0.         1.         0.         0.         1.         0.
   1.         0.         0.         0.         0.         1.
   0.         0.         0.         0.         0.         1.
   0.         0.         1.         0.         0.         0.
   0.         0.         0.         0.         1.         0.
   1.         0.         0.         0.         1.         0.
   1.         0.         1.         0.         1.         0.
   1.         0.         1.         0.         0.         0.
   0.         0.         0.         0.         0.         0.
   1.         0.         0.         0.         0.         0.
   0.         1.         0.         0.         0.         0.
   0.         0.         1.         0.         0.         0.
   0.         0.         0.         1.         0.         0.
   0.         0.         1.         1.         0.         1.
   1.         0.         1.         1.         0.         0.
   0.         0.         0.         1.         0.         0.
   0.         0.         0.         0.         0.         1.
   0.         0.         0.         0.         0.         0.
   0.         0.         1.         1.         1.         1.
   1.         0.         0.         0.         0.         1.
   0.         0.         0.         6.086775   6.086775   6.086775
   2.         2.        -1.         1.         2.         1.
   1.         2.         1.         1.         2.         1.
   1.         9.         0.         1.       200.        96.
   9.         0.         1.       200.        96.         0.
   0.        -1.        -1.        -1.        -1.        -1.
  -1.         6.         1.        28.         5.        99.
  24.        -1.        -1.        -1.        -1.        -1.
  -1.        -1.        -1.        -1.        -1.        -1.
  -1.        -1.        -1.        -1.        -1.        -1.
  -1.         9.         0.         1.       200.        96.      ]
