[2020-07-14 15:38:48,386][nnsvs][INFO] - list_path: train_list.txt
out_path: dump/kogare/org/in_timelag_scaler.joblib
scaler:
  class: sklearn.preprocessing.MinMaxScaler
  params: {}
verbose: 100

[2020-07-14 15:38:48,485][nnsvs][INFO] - data min:
[ 0.         0.         0.         0.         0.         0.
  0.         0.         0.         0.         0.         0.
  0.         0.         0.         0.         0.         0.
  0.         0.         0.         0.         0.         0.
  0.         0.         0.         0.         0.         0.
  0.         0.         0.         0.         0.         0.
  0.         0.         0.         0.         0.         0.
  0.         0.         0.         0.         0.         0.
  0.         0.         0.         0.         0.         0.
  0.         0.         0.         0.         0.         0.
  0.         0.         0.         0.         0.         0.
  0.         0.         0.         0.         0.         0.
  0.         0.         0.         0.         0.         0.
  0.         0.         0.         0.         0.         0.
  0.         0.         0.         0.         0.         0.
  0.         0.         0.         0.         0.         0.
  0.         0.         0.         0.         0.         0.
  0.         0.         0.         0.         0.         0.
  0.         0.         0.         0.         0.         0.
  0.         0.         0.         0.         0.         0.
  0.         0.         0.         0.         0.         0.
  0.         0.         0.         0.         0.         0.
  0.         0.         0.         0.         0.         0.
  0.         0.         0.         0.         0.         0.
  0.         0.         0.         0.         0.         0.
  0.         0.         0.         0.         0.         0.
  0.         0.         0.         0.         0.         0.
  0.         0.         0.         0.         0.         0.
  0.         0.         0.         0.         0.         0.
  0.         0.         0.         0.         0.         0.
  0.         0.         0.         0.         0.         0.
  0.         0.         0.         0.         0.         0.
  0.         0.         0.         0.         0.         0.
  0.         0.         0.         0.         0.         0.
  0.         0.         0.         0.         0.         0.
  0.         0.         0.         0.         0.         0.
  0.         0.         0.         0.         0.         0.
  0.         0.         0.         0.         0.         0.
  0.         0.         0.         0.         0.         0.
  0.         0.         0.         0.         0.         0.
  0.         0.         0.         0.         0.         0.
  0.         0.         0.         0.         0.         0.
  0.         0.         0.         0.         0.         0.
  0.         0.         0.         0.         0.         0.
  0.         0.         0.         0.         0.         0.
  0.         0.         0.         0.         0.         0.
  0.         0.         0.         0.         0.         0.
  0.         0.         0.         0.         0.         0.
  0.         0.         0.         0.         0.         0.
  0.         1.         0.         0.         0.         0.
  0.         0.         1.         0.         0.         0.
  0.         0.         0.         1.         0.         0.
  0.         0.         0.         0.         0.         1.
  1.         0.         0.         0.         0.         0.
  0.         0.         0.         0.         0.         0.
  0.         0.         0.         0.         0.         1.
  0.         0.         0.         0.         0.         0.
  0.         0.         1.         1.         1.         1.
  1.         0.         0.         0.         0.         0.
  0.         0.         0.         6.0290127  6.0290127  6.0290127
  1.         1.        -1.        -1.        -1.        -1.
 -1.         1.         1.         1.        -1.        -1.
 -1.        -1.        -1.        -1.        -1.        -1.
  8.         0.         1.        20.         9.         0.
  0.        -1.        -1.        -1.        -1.        -1.
 -1.        -1.        -1.        -1.        -1.        -1.
 -1.        -1.        -1.        -1.        -1.        -1.
 -1.        -1.        -1.        -1.        -1.        -1.
 -1.        -1.        -1.        -1.        -1.        -1.
 -1.        -1.        -1.        -1.        -1.        -1.       ]
[2020-07-14 15:38:48,489][nnsvs][INFO] - data max:
[  0.         0.         0.         1.         1.         1.
   0.         1.         1.         1.         0.         1.
   1.         0.         1.         1.         0.         1.
   1.         0.         1.         1.         0.         1.
   1.         0.         1.         1.         1.         1.
   1.         1.         0.         0.         1.         0.
   0.         0.         0.         0.         1.         0.
   0.         0.         0.         0.         1.         0.
   0.         0.         0.         0.         0.         0.
   0.         0.         0.         0.         0.         1.
   0.         0.         1.         0.         0.         0.
   0.         0.         0.         0.         1.         0.
   0.         0.         0.         0.         1.         0.
   0.         0.         0.         0.         0.         0.
   1.         0.         1.         0.         0.         0.
   0.         0.         0.         0.         0.         0.
   1.         0.         0.         0.         0.         1.
   1.         0.         1.         1.         0.         1.
   1.         0.         1.         1.         0.         1.
   1.         0.         1.         1.         0.         1.
   1.         0.         1.         1.         1.         1.
   1.         1.         1.         1.         1.         1.
   0.         0.         0.         1.         1.         0.
   0.         1.         0.         0.         1.         0.
   0.         0.         0.         0.         0.         1.
   0.         0.         0.         0.         0.         1.
   0.         0.         1.         0.         0.         0.
   0.         0.         0.         0.         1.         0.
   0.         0.         0.         0.         1.         0.
   1.         0.         1.         0.         1.         0.
   1.         0.         0.         0.         0.         0.
   0.         0.         0.         0.         0.         0.
   1.         0.         0.         0.         0.         1.
   1.         1.         1.         1.         0.         1.
   1.         0.         1.         1.         0.         1.
   1.         0.         1.         1.         0.         1.
   1.         0.         1.         1.         1.         1.
   1.         1.         1.         1.         1.         1.
   0.         0.         0.         1.         1.         0.
   0.         1.         0.         0.         1.         0.
   0.         0.         0.         0.         0.         1.
   0.         0.         0.         0.         0.         1.
   0.         0.         1.         0.         0.         0.
   0.         0.         0.         0.         1.         0.
   0.         0.         0.         0.         1.         0.
   1.         0.         1.         0.         1.         0.
   1.         0.         1.         0.         0.         0.
   0.         0.         0.         0.         0.         0.
   1.         0.         0.         0.         0.         0.
   0.         1.         0.         0.         0.         0.
   0.         0.         1.         0.         0.         0.
   0.         0.         0.         1.         0.         0.
   0.         0.         1.         1.         0.         1.
   1.         0.         1.         1.         0.         0.
   0.         0.         0.         1.         0.         0.
   0.         0.         0.         0.         0.         1.
   0.         0.         0.         0.         0.         0.
   0.         0.         1.         1.         1.         1.
   1.         0.         0.         0.         0.         1.
   0.         0.         0.         6.086775   6.086775   6.086775
   1.         2.        -1.         1.         2.         1.
   1.         2.         1.         1.         2.         1.
   1.         9.         0.         1.        66.        32.
   9.         0.         1.       200.        96.         0.
   0.        -1.        -1.        -1.        -1.        -1.
  -1.         4.        -1.        20.        -1.        96.
  -1.        -1.        -1.        -1.        -1.        -1.
  -1.        -1.        -1.        -1.        -1.        -1.
  -1.        -1.        -1.        -1.        -1.        -1.
  -1.         9.         0.         1.       200.        96.      ]
