[2020-07-15 16:07:06,277][nnsvs][INFO] - cudnn:
  benchmark: false
  deterministic: false
data:
  batch_size: 8
  dev:
    in_dir: dump/kogare/norm/dev/in_acoustic/
    out_dir: dump/kogare/norm/dev/out_acoustic/
  num_workers: 2
  pin_memory: true
  train_no_dev:
    in_dir: dump/kogare/norm/train_no_dev/in_acoustic/
    out_dir: dump/kogare/norm/train_no_dev/out_acoustic/
model:
  has_dynamic_features:
  - true
  - true
  - false
  - true
  netG:
    class: nnsvs.model.Conv1dResnet
    params:
      dropout: 0.1
      hidden_dim: 128
      in_dim: 424
      num_layers: 6
      out_dim: 199
  num_windows: 3
  stream_sizes:
  - 180
  - 3
  - 1
  - 15
  stream_weights: null
optim:
  lr_scheduler:
    name: StepLR
    params:
      gamma: 0.5
      step_size: 20
  optimizer:
    name: Adam
    params:
      betas:
      - 0.5
      - 0.999
      lr: 0.001
      weight_decay: 0.0
resume:
  checkpoint: null
  load_optimizer: false
train:
  checkpoint_epoch_interval: 20
  nepochs: 50
  out_dir: exp/kogare/acoustic
  stream_wise_loss: false
verbose: 100

[2020-07-15 16:07:06,278][nnsvs][INFO] - cudnn.deterministic: False
[2020-07-15 16:07:06,278][nnsvs][INFO] - cudnn.benchmark: False
[2020-07-15 16:07:08,813][nnsvs][INFO] - torch.Size([8, 1392, 424]), torch.Size([8, 1392, 199]), torch.Size([8])
[2020-07-15 16:07:08,856][nnsvs][INFO] - torch.Size([8, 1401, 424]), torch.Size([8, 1401, 199]), torch.Size([8])
[2020-07-15 16:07:08,981][nnsvs][INFO] - torch.Size([8, 1416, 424]), torch.Size([8, 1416, 199]), torch.Size([8])
[2020-07-15 16:07:08,982][nnsvs][INFO] - torch.Size([7, 1378, 424]), torch.Size([7, 1378, 199]), torch.Size([7])
[2020-07-15 16:07:09,079][nnsvs][INFO] - torch.Size([1, 1316, 424]), torch.Size([1, 1316, 199]), torch.Size([1])
[2020-07-15 16:07:09,628][nnsvs][INFO] - Start utterance-wise training...
[2020-07-15 16:07:10,419][nnsvs][INFO] - [train_no_dev] [Epoch 1]: loss 0.9964610785245895
[2020-07-15 16:07:10,522][nnsvs][INFO] - [dev] [Epoch 1]: loss 1.039964199066162
[2020-07-15 16:07:11,380][nnsvs][INFO] - [Best loss 1.039964199066162: checkpoint is saved at /content/drive/Shared drives/台U/NNSVS/Training_data/Kogare/kogare_singing/00-svs-world/exp/kogare/acoustic/best_loss.pth
[2020-07-15 16:07:12,194][nnsvs][INFO] - [train_no_dev] [Epoch 2]: loss 0.9852089434862137
[2020-07-15 16:07:12,295][nnsvs][INFO] - [dev] [Epoch 2]: loss 1.0214096307754517
[2020-07-15 16:07:12,382][nnsvs][INFO] - [Best loss 1.0214096307754517: checkpoint is saved at /content/drive/Shared drives/台U/NNSVS/Training_data/Kogare/kogare_singing/00-svs-world/exp/kogare/acoustic/best_loss.pth
[2020-07-15 16:07:13,185][nnsvs][INFO] - [train_no_dev] [Epoch 3]: loss 0.9716140180826187
[2020-07-15 16:07:13,345][nnsvs][INFO] - [dev] [Epoch 3]: loss 1.008502721786499
[2020-07-15 16:07:13,448][nnsvs][INFO] - [Best loss 1.008502721786499: checkpoint is saved at /content/drive/Shared drives/台U/NNSVS/Training_data/Kogare/kogare_singing/00-svs-world/exp/kogare/acoustic/best_loss.pth
[2020-07-15 16:07:14,355][nnsvs][INFO] - [train_no_dev] [Epoch 4]: loss 0.9535803943872452
[2020-07-15 16:07:14,590][nnsvs][INFO] - [dev] [Epoch 4]: loss 0.9936388731002808
[2020-07-15 16:07:14,686][nnsvs][INFO] - [Best loss 0.9936388731002808: checkpoint is saved at /content/drive/Shared drives/台U/NNSVS/Training_data/Kogare/kogare_singing/00-svs-world/exp/kogare/acoustic/best_loss.pth
[2020-07-15 16:07:15,492][nnsvs][INFO] - [train_no_dev] [Epoch 5]: loss 0.9475647658109665
[2020-07-15 16:07:15,594][nnsvs][INFO] - [dev] [Epoch 5]: loss 1.004523515701294
[2020-07-15 16:07:16,419][nnsvs][INFO] - [train_no_dev] [Epoch 6]: loss 0.9526913017034531
[2020-07-15 16:07:16,531][nnsvs][INFO] - [dev] [Epoch 6]: loss 0.9941546320915222
[2020-07-15 16:07:17,338][nnsvs][INFO] - [train_no_dev] [Epoch 7]: loss 0.952850803732872
[2020-07-15 16:07:17,457][nnsvs][INFO] - [dev] [Epoch 7]: loss 0.9922642111778259
[2020-07-15 16:07:17,661][nnsvs][INFO] - [Best loss 0.9922642111778259: checkpoint is saved at /content/drive/Shared drives/台U/NNSVS/Training_data/Kogare/kogare_singing/00-svs-world/exp/kogare/acoustic/best_loss.pth
[2020-07-15 16:07:18,518][nnsvs][INFO] - [train_no_dev] [Epoch 8]: loss 0.9440078586339951
[2020-07-15 16:07:18,624][nnsvs][INFO] - [dev] [Epoch 8]: loss 0.9849664568901062
[2020-07-15 16:07:18,767][nnsvs][INFO] - [Best loss 0.9849664568901062: checkpoint is saved at /content/drive/Shared drives/台U/NNSVS/Training_data/Kogare/kogare_singing/00-svs-world/exp/kogare/acoustic/best_loss.pth
[2020-07-15 16:07:19,540][nnsvs][INFO] - [train_no_dev] [Epoch 9]: loss 0.9355706423521042
[2020-07-15 16:07:19,662][nnsvs][INFO] - [dev] [Epoch 9]: loss 0.9805740714073181
[2020-07-15 16:07:19,776][nnsvs][INFO] - [Best loss 0.9805740714073181: checkpoint is saved at /content/drive/Shared drives/台U/NNSVS/Training_data/Kogare/kogare_singing/00-svs-world/exp/kogare/acoustic/best_loss.pth
[2020-07-15 16:07:20,572][nnsvs][INFO] - [train_no_dev] [Epoch 10]: loss 0.930822029709816
[2020-07-15 16:07:20,680][nnsvs][INFO] - [dev] [Epoch 10]: loss 0.9791104197502136
[2020-07-15 16:07:20,791][nnsvs][INFO] - [Best loss 0.9791104197502136: checkpoint is saved at /content/drive/Shared drives/台U/NNSVS/Training_data/Kogare/kogare_singing/00-svs-world/exp/kogare/acoustic/best_loss.pth
[2020-07-15 16:07:21,591][nnsvs][INFO] - [train_no_dev] [Epoch 11]: loss 0.9298499673604965
[2020-07-15 16:07:21,693][nnsvs][INFO] - [dev] [Epoch 11]: loss 0.9791526794433594
[2020-07-15 16:07:22,446][nnsvs][INFO] - [train_no_dev] [Epoch 12]: loss 0.9265533685684204
[2020-07-15 16:07:22,560][nnsvs][INFO] - [dev] [Epoch 12]: loss 0.9748115539550781
[2020-07-15 16:07:22,651][nnsvs][INFO] - [Best loss 0.9748115539550781: checkpoint is saved at /content/drive/Shared drives/台U/NNSVS/Training_data/Kogare/kogare_singing/00-svs-world/exp/kogare/acoustic/best_loss.pth
[2020-07-15 16:07:23,454][nnsvs][INFO] - [train_no_dev] [Epoch 13]: loss 0.9190702140331268
[2020-07-15 16:07:23,557][nnsvs][INFO] - [dev] [Epoch 13]: loss 0.9807908535003662
[2020-07-15 16:07:24,352][nnsvs][INFO] - [train_no_dev] [Epoch 14]: loss 0.9232500344514847
[2020-07-15 16:07:24,456][nnsvs][INFO] - [dev] [Epoch 14]: loss 0.9783704876899719
[2020-07-15 16:07:25,201][nnsvs][INFO] - [train_no_dev] [Epoch 15]: loss 0.920458972454071
[2020-07-15 16:07:25,303][nnsvs][INFO] - [dev] [Epoch 15]: loss 0.9713694453239441
[2020-07-15 16:07:25,393][nnsvs][INFO] - [Best loss 0.9713694453239441: checkpoint is saved at /content/drive/Shared drives/台U/NNSVS/Training_data/Kogare/kogare_singing/00-svs-world/exp/kogare/acoustic/best_loss.pth
[2020-07-15 16:07:26,197][nnsvs][INFO] - [train_no_dev] [Epoch 16]: loss 0.9157133251428604
[2020-07-15 16:07:26,313][nnsvs][INFO] - [dev] [Epoch 16]: loss 0.9677274227142334
[2020-07-15 16:07:26,413][nnsvs][INFO] - [Best loss 0.9677274227142334: checkpoint is saved at /content/drive/Shared drives/台U/NNSVS/Training_data/Kogare/kogare_singing/00-svs-world/exp/kogare/acoustic/best_loss.pth
[2020-07-15 16:07:27,288][nnsvs][INFO] - [train_no_dev] [Epoch 17]: loss 0.913752093911171
[2020-07-15 16:07:27,393][nnsvs][INFO] - [dev] [Epoch 17]: loss 0.9682987928390503
[2020-07-15 16:07:28,139][nnsvs][INFO] - [train_no_dev] [Epoch 18]: loss 0.9099043309688568
[2020-07-15 16:07:28,380][nnsvs][INFO] - [dev] [Epoch 18]: loss 0.964352011680603
[2020-07-15 16:07:28,487][nnsvs][INFO] - [Best loss 0.964352011680603: checkpoint is saved at /content/drive/Shared drives/台U/NNSVS/Training_data/Kogare/kogare_singing/00-svs-world/exp/kogare/acoustic/best_loss.pth
[2020-07-15 16:07:29,255][nnsvs][INFO] - [train_no_dev] [Epoch 19]: loss 0.9108531326055527
[2020-07-15 16:07:29,363][nnsvs][INFO] - [dev] [Epoch 19]: loss 0.9644317626953125
[2020-07-15 16:07:30,148][nnsvs][INFO] - [train_no_dev] [Epoch 20]: loss 0.90941122174263
[2020-07-15 16:07:30,260][nnsvs][INFO] - [dev] [Epoch 20]: loss 0.9677510857582092
[2020-07-15 16:07:30,985][nnsvs][INFO] - Checkpoint is saved at /content/drive/Shared drives/台U/NNSVS/Training_data/Kogare/kogare_singing/00-svs-world/exp/kogare/acoustic/checkpoint_epoch0020.pth
[2020-07-15 16:07:32,693][nnsvs][INFO] - [train_no_dev] [Epoch 21]: loss 0.9058094173669815
[2020-07-15 16:07:32,795][nnsvs][INFO] - [dev] [Epoch 21]: loss 0.9629665017127991
[2020-07-15 16:07:32,885][nnsvs][INFO] - [Best loss 0.9629665017127991: checkpoint is saved at /content/drive/Shared drives/台U/NNSVS/Training_data/Kogare/kogare_singing/00-svs-world/exp/kogare/acoustic/best_loss.pth
[2020-07-15 16:07:33,996][nnsvs][INFO] - [train_no_dev] [Epoch 22]: loss 0.8983976989984512
[2020-07-15 16:07:34,116][nnsvs][INFO] - [dev] [Epoch 22]: loss 0.9640860557556152
[2020-07-15 16:07:34,854][nnsvs][INFO] - [train_no_dev] [Epoch 23]: loss 0.8959731757640839
[2020-07-15 16:07:34,959][nnsvs][INFO] - [dev] [Epoch 23]: loss 0.9644601941108704
[2020-07-15 16:07:35,725][nnsvs][INFO] - [train_no_dev] [Epoch 24]: loss 0.894260510802269
[2020-07-15 16:07:35,848][nnsvs][INFO] - [dev] [Epoch 24]: loss 0.963941752910614
[2020-07-15 16:07:36,635][nnsvs][INFO] - [train_no_dev] [Epoch 25]: loss 0.8953499794006348
[2020-07-15 16:07:36,738][nnsvs][INFO] - [dev] [Epoch 25]: loss 0.965624988079071
[2020-07-15 16:07:37,573][nnsvs][INFO] - [train_no_dev] [Epoch 26]: loss 0.8939743191003799
[2020-07-15 16:07:37,676][nnsvs][INFO] - [dev] [Epoch 26]: loss 0.9687433838844299
[2020-07-15 16:07:38,461][nnsvs][INFO] - [train_no_dev] [Epoch 27]: loss 0.8921721279621124
[2020-07-15 16:07:38,570][nnsvs][INFO] - [dev] [Epoch 27]: loss 0.9641531705856323
[2020-07-15 16:07:39,438][nnsvs][INFO] - [train_no_dev] [Epoch 28]: loss 0.8932704329490662
[2020-07-15 16:07:39,578][nnsvs][INFO] - [dev] [Epoch 28]: loss 0.9706181883811951
[2020-07-15 16:07:40,356][nnsvs][INFO] - [train_no_dev] [Epoch 29]: loss 0.8904908001422882
[2020-07-15 16:07:40,465][nnsvs][INFO] - [dev] [Epoch 29]: loss 0.9626886248588562
[2020-07-15 16:07:40,564][nnsvs][INFO] - [Best loss 0.9626886248588562: checkpoint is saved at /content/drive/Shared drives/台U/NNSVS/Training_data/Kogare/kogare_singing/00-svs-world/exp/kogare/acoustic/best_loss.pth
[2020-07-15 16:07:41,359][nnsvs][INFO] - [train_no_dev] [Epoch 30]: loss 0.8892458975315094
[2020-07-15 16:07:41,477][nnsvs][INFO] - [dev] [Epoch 30]: loss 0.9654010534286499
[2020-07-15 16:07:42,323][nnsvs][INFO] - [train_no_dev] [Epoch 31]: loss 0.889547273516655
[2020-07-15 16:07:42,425][nnsvs][INFO] - [dev] [Epoch 31]: loss 0.9630948901176453
[2020-07-15 16:07:43,168][nnsvs][INFO] - [train_no_dev] [Epoch 32]: loss 0.8898190408945084
[2020-07-15 16:07:43,285][nnsvs][INFO] - [dev] [Epoch 32]: loss 0.9649053812026978
[2020-07-15 16:07:44,035][nnsvs][INFO] - [train_no_dev] [Epoch 33]: loss 0.890524297952652
[2020-07-15 16:07:44,144][nnsvs][INFO] - [dev] [Epoch 33]: loss 0.9707298874855042
[2020-07-15 16:07:44,894][nnsvs][INFO] - [train_no_dev] [Epoch 34]: loss 0.8894159942865372
[2020-07-15 16:07:44,997][nnsvs][INFO] - [dev] [Epoch 34]: loss 0.968613862991333
[2020-07-15 16:07:45,728][nnsvs][INFO] - [train_no_dev] [Epoch 35]: loss 0.8846761882305145
[2020-07-15 16:07:45,831][nnsvs][INFO] - [dev] [Epoch 35]: loss 0.9598883986473083
[2020-07-15 16:07:45,918][nnsvs][INFO] - [Best loss 0.9598883986473083: checkpoint is saved at /content/drive/Shared drives/台U/NNSVS/Training_data/Kogare/kogare_singing/00-svs-world/exp/kogare/acoustic/best_loss.pth
[2020-07-15 16:07:46,726][nnsvs][INFO] - [train_no_dev] [Epoch 36]: loss 0.8846625685691833
[2020-07-15 16:07:46,835][nnsvs][INFO] - [dev] [Epoch 36]: loss 0.9658593535423279
[2020-07-15 16:07:47,628][nnsvs][INFO] - [train_no_dev] [Epoch 37]: loss 0.882505863904953
[2020-07-15 16:07:47,733][nnsvs][INFO] - [dev] [Epoch 37]: loss 0.9673258662223816
[2020-07-15 16:07:48,506][nnsvs][INFO] - [train_no_dev] [Epoch 38]: loss 0.8856545090675354
[2020-07-15 16:07:48,606][nnsvs][INFO] - [dev] [Epoch 38]: loss 0.9646315574645996
[2020-07-15 16:07:49,354][nnsvs][INFO] - [train_no_dev] [Epoch 39]: loss 0.8854477852582932
[2020-07-15 16:07:49,466][nnsvs][INFO] - [dev] [Epoch 39]: loss 0.9641558527946472
[2020-07-15 16:07:50,241][nnsvs][INFO] - [train_no_dev] [Epoch 40]: loss 0.8841928988695145
[2020-07-15 16:07:50,345][nnsvs][INFO] - [dev] [Epoch 40]: loss 0.9720301628112793
[2020-07-15 16:07:51,072][nnsvs][INFO] - Checkpoint is saved at /content/drive/Shared drives/台U/NNSVS/Training_data/Kogare/kogare_singing/00-svs-world/exp/kogare/acoustic/checkpoint_epoch0040.pth
[2020-07-15 16:07:51,951][nnsvs][INFO] - [train_no_dev] [Epoch 41]: loss 0.8791243880987167
[2020-07-15 16:07:52,166][nnsvs][INFO] - [dev] [Epoch 41]: loss 0.9657951593399048
[2020-07-15 16:07:52,957][nnsvs][INFO] - [train_no_dev] [Epoch 42]: loss 0.8761666119098663
[2020-07-15 16:07:53,061][nnsvs][INFO] - [dev] [Epoch 42]: loss 0.9705315232276917
[2020-07-15 16:07:53,861][nnsvs][INFO] - [train_no_dev] [Epoch 43]: loss 0.8742592185735703
[2020-07-15 16:07:54,247][nnsvs][INFO] - [dev] [Epoch 43]: loss 0.9656983017921448
[2020-07-15 16:07:55,007][nnsvs][INFO] - [train_no_dev] [Epoch 44]: loss 0.8750148862600327
[2020-07-15 16:07:55,120][nnsvs][INFO] - [dev] [Epoch 44]: loss 0.9698418378829956
[2020-07-15 16:07:55,866][nnsvs][INFO] - [train_no_dev] [Epoch 45]: loss 0.8722678124904633
[2020-07-15 16:07:55,994][nnsvs][INFO] - [dev] [Epoch 45]: loss 0.9715824127197266
[2020-07-15 16:07:56,744][nnsvs][INFO] - [train_no_dev] [Epoch 46]: loss 0.8722900152206421
[2020-07-15 16:07:56,848][nnsvs][INFO] - [dev] [Epoch 46]: loss 0.9677276611328125
[2020-07-15 16:07:57,720][nnsvs][INFO] - [train_no_dev] [Epoch 47]: loss 0.8702724277973175
[2020-07-15 16:07:57,824][nnsvs][INFO] - [dev] [Epoch 47]: loss 0.975985050201416
[2020-07-15 16:07:58,603][nnsvs][INFO] - [train_no_dev] [Epoch 48]: loss 0.8705626130104065
[2020-07-15 16:07:58,706][nnsvs][INFO] - [dev] [Epoch 48]: loss 0.966981053352356
[2020-07-15 16:07:59,547][nnsvs][INFO] - [train_no_dev] [Epoch 49]: loss 0.8696940243244171
[2020-07-15 16:07:59,658][nnsvs][INFO] - [dev] [Epoch 49]: loss 0.9692935347557068
[2020-07-15 16:08:00,451][nnsvs][INFO] - [train_no_dev] [Epoch 50]: loss 0.868852362036705
[2020-07-15 16:08:00,561][nnsvs][INFO] - [dev] [Epoch 50]: loss 0.9710187315940857
[2020-07-15 16:08:01,240][nnsvs][INFO] - Checkpoint is saved at /content/drive/Shared drives/台U/NNSVS/Training_data/Kogare/kogare_singing/00-svs-world/exp/kogare/acoustic/checkpoint_epoch0050.pth
[2020-07-15 16:08:01,325][nnsvs][INFO] - The best loss was 0.9598883986473083
