[2020-07-14 10:14:30,878][nnsvs][INFO] - cudnn:
  benchmark: false
  deterministic: false
data:
  batch_size: 8
  dev:
    in_dir: dump/kogare/norm/dev/in_timelag/
    out_dir: dump/kogare/norm/dev/out_timelag/
  num_workers: 2
  pin_memory: true
  train_no_dev:
    in_dir: dump/kogare/norm/train_no_dev/in_timelag/
    out_dir: dump/kogare/norm/train_no_dev/out_timelag/
model:
  has_dynamic_features:
  - false
  netG:
    class: nnsvs.model.FeedForwardNet
    params:
      dropout: 0.5
      hidden_dim: 128
      in_dim: 420
      num_layers: 2
      out_dim: 1
  stream_sizes:
  - 1
  stream_weights:
  - 1
optim:
  lr_scheduler:
    name: StepLR
    params:
      gamma: 0.5
      step_size: 20
  optimizer:
    name: Adam
    params:
      betas:
      - 0.5
      - 0.999
      lr: 0.001
      weight_decay: 0.0
resume:
  checkpoint: null
  load_optimizer: false
train:
  checkpoint_epoch_interval: 20
  nepochs: 50
  out_dir: exp/kogare/timelag
  stream_wise_loss: false
verbose: 100

[2020-07-14 10:14:30,880][nnsvs][INFO] - cudnn.deterministic: False
[2020-07-14 10:14:30,880][nnsvs][INFO] - cudnn.benchmark: False
[2020-07-14 10:14:33,210][nnsvs][INFO] - torch.Size([3, 7, 420]), torch.Size([3, 7, 1]), torch.Size([3])
[2020-07-14 10:14:33,293][nnsvs][INFO] - torch.Size([1, 7, 420]), torch.Size([1, 7, 1]), torch.Size([1])
[2020-07-14 10:14:33,343][nnsvs][INFO] - Start utterance-wise training...
[2020-07-14 10:14:33,445][nnsvs][INFO] - [train_no_dev] [Epoch 1]: loss 1.0109319686889648
[2020-07-14 10:14:33,533][nnsvs][INFO] - [dev] [Epoch 1]: loss 1.4462889432907104
[2020-07-14 10:14:33,551][nnsvs][INFO] - [Best loss 1.4462889432907104: checkpoint is saved at /content/drive/Shared drives/台U/NNSVS/Training_data/Kogare/kogare_singing/00-svs-world/exp/kogare/timelag/best_loss.pth
[2020-07-14 10:14:33,642][nnsvs][INFO] - [train_no_dev] [Epoch 2]: loss 1.0070585012435913
[2020-07-14 10:14:33,726][nnsvs][INFO] - [dev] [Epoch 2]: loss 1.4538390636444092
[2020-07-14 10:14:33,818][nnsvs][INFO] - [train_no_dev] [Epoch 3]: loss 0.9881288409233093
[2020-07-14 10:14:33,896][nnsvs][INFO] - [dev] [Epoch 3]: loss 1.4573652744293213
[2020-07-14 10:14:33,998][nnsvs][INFO] - [train_no_dev] [Epoch 4]: loss 0.9951232075691223
[2020-07-14 10:14:34,071][nnsvs][INFO] - [dev] [Epoch 4]: loss 1.4609876871109009
[2020-07-14 10:14:34,160][nnsvs][INFO] - [train_no_dev] [Epoch 5]: loss 1.0201194286346436
[2020-07-14 10:14:34,240][nnsvs][INFO] - [dev] [Epoch 5]: loss 1.4623857736587524
[2020-07-14 10:14:34,354][nnsvs][INFO] - [train_no_dev] [Epoch 6]: loss 0.9925123453140259
[2020-07-14 10:14:34,430][nnsvs][INFO] - [dev] [Epoch 6]: loss 1.4680787324905396
[2020-07-14 10:14:34,557][nnsvs][INFO] - [train_no_dev] [Epoch 7]: loss 1.0031169652938843
[2020-07-14 10:14:34,631][nnsvs][INFO] - [dev] [Epoch 7]: loss 1.4800862073898315
[2020-07-14 10:14:34,720][nnsvs][INFO] - [train_no_dev] [Epoch 8]: loss 1.0033235549926758
[2020-07-14 10:14:34,803][nnsvs][INFO] - [dev] [Epoch 8]: loss 1.4902653694152832
[2020-07-14 10:14:34,892][nnsvs][INFO] - [train_no_dev] [Epoch 9]: loss 0.9492447376251221
[2020-07-14 10:14:34,968][nnsvs][INFO] - [dev] [Epoch 9]: loss 1.5011259317398071
[2020-07-14 10:14:35,064][nnsvs][INFO] - [train_no_dev] [Epoch 10]: loss 0.9669168591499329
[2020-07-14 10:14:35,137][nnsvs][INFO] - [dev] [Epoch 10]: loss 1.5146441459655762
[2020-07-14 10:14:35,226][nnsvs][INFO] - [train_no_dev] [Epoch 11]: loss 0.9838572144508362
[2020-07-14 10:14:35,334][nnsvs][INFO] - [dev] [Epoch 11]: loss 1.527079463005066
[2020-07-14 10:14:35,440][nnsvs][INFO] - [train_no_dev] [Epoch 12]: loss 0.9227428436279297
[2020-07-14 10:14:35,650][nnsvs][INFO] - [dev] [Epoch 12]: loss 1.548612117767334
[2020-07-14 10:14:35,746][nnsvs][INFO] - [train_no_dev] [Epoch 13]: loss 0.9366048574447632
[2020-07-14 10:14:35,835][nnsvs][INFO] - [dev] [Epoch 13]: loss 1.5685049295425415
[2020-07-14 10:14:35,926][nnsvs][INFO] - [train_no_dev] [Epoch 14]: loss 0.9425499439239502
[2020-07-14 10:14:36,010][nnsvs][INFO] - [dev] [Epoch 14]: loss 1.591711163520813
[2020-07-14 10:14:36,113][nnsvs][INFO] - [train_no_dev] [Epoch 15]: loss 0.9156394600868225
[2020-07-14 10:14:36,202][nnsvs][INFO] - [dev] [Epoch 15]: loss 1.606276035308838
[2020-07-14 10:14:36,307][nnsvs][INFO] - [train_no_dev] [Epoch 16]: loss 0.9233599305152893
[2020-07-14 10:14:36,392][nnsvs][INFO] - [dev] [Epoch 16]: loss 1.651465892791748
[2020-07-14 10:14:36,480][nnsvs][INFO] - [train_no_dev] [Epoch 17]: loss 0.9056645631790161
[2020-07-14 10:14:36,560][nnsvs][INFO] - [dev] [Epoch 17]: loss 1.6850121021270752
[2020-07-14 10:14:36,652][nnsvs][INFO] - [train_no_dev] [Epoch 18]: loss 0.8773404359817505
[2020-07-14 10:14:36,725][nnsvs][INFO] - [dev] [Epoch 18]: loss 1.7377614974975586
[2020-07-14 10:14:36,823][nnsvs][INFO] - [train_no_dev] [Epoch 19]: loss 0.8320485949516296
[2020-07-14 10:14:36,904][nnsvs][INFO] - [dev] [Epoch 19]: loss 1.7792580127716064
[2020-07-14 10:14:37,000][nnsvs][INFO] - [train_no_dev] [Epoch 20]: loss 0.7876157164573669
[2020-07-14 10:14:37,076][nnsvs][INFO] - [dev] [Epoch 20]: loss 1.8690235614776611
[2020-07-14 10:14:37,108][nnsvs][INFO] - Checkpoint is saved at /content/drive/Shared drives/台U/NNSVS/Training_data/Kogare/kogare_singing/00-svs-world/exp/kogare/timelag/checkpoint_epoch0020.pth
[2020-07-14 10:14:37,236][nnsvs][INFO] - [train_no_dev] [Epoch 21]: loss 0.739773690700531
[2020-07-14 10:14:37,313][nnsvs][INFO] - [dev] [Epoch 21]: loss 1.9066240787506104
[2020-07-14 10:14:37,416][nnsvs][INFO] - [train_no_dev] [Epoch 22]: loss 0.7267544865608215
[2020-07-14 10:14:37,493][nnsvs][INFO] - [dev] [Epoch 22]: loss 1.9385781288146973
[2020-07-14 10:14:37,588][nnsvs][INFO] - [train_no_dev] [Epoch 23]: loss 0.7138669490814209
[2020-07-14 10:14:37,659][nnsvs][INFO] - [dev] [Epoch 23]: loss 1.9482917785644531
[2020-07-14 10:14:37,747][nnsvs][INFO] - [train_no_dev] [Epoch 24]: loss 0.7564888000488281
[2020-07-14 10:14:37,837][nnsvs][INFO] - [dev] [Epoch 24]: loss 1.9433790445327759
[2020-07-14 10:14:37,947][nnsvs][INFO] - [train_no_dev] [Epoch 25]: loss 0.6904081702232361
[2020-07-14 10:14:38,026][nnsvs][INFO] - [dev] [Epoch 25]: loss 2.0123605728149414
[2020-07-14 10:14:38,113][nnsvs][INFO] - [train_no_dev] [Epoch 26]: loss 0.7429624795913696
[2020-07-14 10:14:38,192][nnsvs][INFO] - [dev] [Epoch 26]: loss 2.0270354747772217
[2020-07-14 10:14:38,300][nnsvs][INFO] - [train_no_dev] [Epoch 27]: loss 0.6633234620094299
[2020-07-14 10:14:38,391][nnsvs][INFO] - [dev] [Epoch 27]: loss 2.1002790927886963
[2020-07-14 10:14:38,503][nnsvs][INFO] - [train_no_dev] [Epoch 28]: loss 0.6170313954353333
[2020-07-14 10:14:38,573][nnsvs][INFO] - [dev] [Epoch 28]: loss 2.108194351196289
[2020-07-14 10:14:38,662][nnsvs][INFO] - [train_no_dev] [Epoch 29]: loss 0.5799523591995239
[2020-07-14 10:14:38,738][nnsvs][INFO] - [dev] [Epoch 29]: loss 2.179854393005371
[2020-07-14 10:14:38,835][nnsvs][INFO] - [train_no_dev] [Epoch 30]: loss 0.6462877988815308
[2020-07-14 10:14:38,916][nnsvs][INFO] - [dev] [Epoch 30]: loss 2.2999067306518555
[2020-07-14 10:14:39,005][nnsvs][INFO] - [train_no_dev] [Epoch 31]: loss 0.49166879057884216
[2020-07-14 10:14:39,080][nnsvs][INFO] - [dev] [Epoch 31]: loss 2.227200508117676
[2020-07-14 10:14:39,178][nnsvs][INFO] - [train_no_dev] [Epoch 32]: loss 0.6295027136802673
[2020-07-14 10:14:39,255][nnsvs][INFO] - [dev] [Epoch 32]: loss 2.160537004470825
[2020-07-14 10:14:39,342][nnsvs][INFO] - [train_no_dev] [Epoch 33]: loss 0.6638653874397278
[2020-07-14 10:14:39,571][nnsvs][INFO] - [dev] [Epoch 33]: loss 2.351001501083374
[2020-07-14 10:14:39,676][nnsvs][INFO] - [train_no_dev] [Epoch 34]: loss 0.52762371301651
[2020-07-14 10:14:39,754][nnsvs][INFO] - [dev] [Epoch 34]: loss 2.449645519256592
[2020-07-14 10:14:39,857][nnsvs][INFO] - [train_no_dev] [Epoch 35]: loss 0.5115664601325989
[2020-07-14 10:14:39,940][nnsvs][INFO] - [dev] [Epoch 35]: loss 2.417581081390381
[2020-07-14 10:14:40,050][nnsvs][INFO] - [train_no_dev] [Epoch 36]: loss 0.5199719667434692
[2020-07-14 10:14:40,126][nnsvs][INFO] - [dev] [Epoch 36]: loss 2.4282584190368652
[2020-07-14 10:14:40,214][nnsvs][INFO] - [train_no_dev] [Epoch 37]: loss 0.5127207040786743
[2020-07-14 10:14:40,294][nnsvs][INFO] - [dev] [Epoch 37]: loss 2.4777088165283203
[2020-07-14 10:14:40,386][nnsvs][INFO] - [train_no_dev] [Epoch 38]: loss 0.47741904854774475
[2020-07-14 10:14:40,472][nnsvs][INFO] - [dev] [Epoch 38]: loss 2.4256205558776855
[2020-07-14 10:14:40,562][nnsvs][INFO] - [train_no_dev] [Epoch 39]: loss 0.5821160078048706
[2020-07-14 10:14:40,637][nnsvs][INFO] - [dev] [Epoch 39]: loss 2.563326597213745
[2020-07-14 10:14:40,729][nnsvs][INFO] - [train_no_dev] [Epoch 40]: loss 0.5793704986572266
[2020-07-14 10:14:40,809][nnsvs][INFO] - [dev] [Epoch 40]: loss 2.5424695014953613
[2020-07-14 10:14:40,825][nnsvs][INFO] - Checkpoint is saved at /content/drive/Shared drives/台U/NNSVS/Training_data/Kogare/kogare_singing/00-svs-world/exp/kogare/timelag/checkpoint_epoch0040.pth
[2020-07-14 10:14:40,964][nnsvs][INFO] - [train_no_dev] [Epoch 41]: loss 0.44539621472358704
[2020-07-14 10:14:41,042][nnsvs][INFO] - [dev] [Epoch 41]: loss 2.5503766536712646
[2020-07-14 10:14:41,142][nnsvs][INFO] - [train_no_dev] [Epoch 42]: loss 0.5365757942199707
[2020-07-14 10:14:41,239][nnsvs][INFO] - [dev] [Epoch 42]: loss 2.4979145526885986
[2020-07-14 10:14:41,333][nnsvs][INFO] - [train_no_dev] [Epoch 43]: loss 0.41188186407089233
[2020-07-14 10:14:41,408][nnsvs][INFO] - [dev] [Epoch 43]: loss 2.497563600540161
[2020-07-14 10:14:41,505][nnsvs][INFO] - [train_no_dev] [Epoch 44]: loss 0.46890273690223694
[2020-07-14 10:14:41,596][nnsvs][INFO] - [dev] [Epoch 44]: loss 2.5240001678466797
[2020-07-14 10:14:41,705][nnsvs][INFO] - [train_no_dev] [Epoch 45]: loss 0.42804938554763794
