[2020-07-17 12:57:24,734][nnsvs][INFO] - cudnn:
  benchmark: false
  deterministic: false
data:
  batch_size: 8
  dev:
    in_dir: dump/kogare/norm/dev/in_duration/
    out_dir: dump/kogare/norm/dev/out_duration/
  num_workers: 2
  pin_memory: true
  train_no_dev:
    in_dir: dump/kogare/norm/train_no_dev/in_duration/
    out_dir: dump/kogare/norm/train_no_dev/out_duration/
model:
  has_dynamic_features:
  - false
  netG:
    class: nnsvs.model.LSTMRNN
    params:
      bidirectional: true
      dropout: 0.5
      hidden_dim: 64
      in_dim: 420
      num_layers: 2
      out_dim: 1
  stream_sizes:
  - 1
  stream_weights:
  - 1
optim:
  lr_scheduler:
    name: StepLR
    params:
      gamma: 0.5
      step_size: 20
  optimizer:
    name: Adam
    params:
      betas:
      - 0.5
      - 0.999
      lr: 0.001
      weight_decay: 0.0
resume:
  checkpoint: null
  load_optimizer: false
train:
  checkpoint_epoch_interval: 20
  nepochs: 50
  out_dir: exp/kogare/duration
  stream_wise_loss: false
verbose: 100

[2020-07-17 12:57:24,735][nnsvs][INFO] - cudnn.deterministic: False
[2020-07-17 12:57:24,735][nnsvs][INFO] - cudnn.benchmark: False
[2020-07-17 12:57:34,567][nnsvs][INFO] - torch.Size([8, 16, 420]), torch.Size([8, 16, 1]), torch.Size([8])
[2020-07-17 12:57:34,728][nnsvs][INFO] - torch.Size([8, 16, 420]), torch.Size([8, 16, 1]), torch.Size([8])
[2020-07-17 12:57:41,722][nnsvs][INFO] - torch.Size([8, 16, 420]), torch.Size([8, 16, 1]), torch.Size([8])
[2020-07-17 12:57:42,684][nnsvs][INFO] - torch.Size([8, 16, 420]), torch.Size([8, 16, 1]), torch.Size([8])
[2020-07-17 12:57:49,081][nnsvs][INFO] - torch.Size([8, 16, 420]), torch.Size([8, 16, 1]), torch.Size([8])
[2020-07-17 12:57:49,082][nnsvs][INFO] - torch.Size([2, 16, 420]), torch.Size([2, 16, 1]), torch.Size([2])
[2020-07-17 12:57:50,000][nnsvs][INFO] - torch.Size([1, 15, 420]), torch.Size([1, 15, 1]), torch.Size([1])
[2020-07-17 12:57:50,645][nnsvs][INFO] - Start utterance-wise training...
[2020-07-17 12:57:50,970][nnsvs][INFO] - [train_no_dev] [Epoch 1]: loss 0.9701678057511648
[2020-07-17 12:57:51,051][nnsvs][INFO] - [dev] [Epoch 1]: loss 0.9429938197135925
[2020-07-17 12:57:51,488][nnsvs][INFO] - [Best loss 0.9429938197135925: checkpoint is saved at /content/drive/Shared drives/台U/NNSVS/Training_data/Kogare/kogare_singing/00-svs-world/exp/kogare/duration/best_loss.pth
[2020-07-17 12:57:51,793][nnsvs][INFO] - [train_no_dev] [Epoch 2]: loss 0.8463824192682902
[2020-07-17 12:57:51,871][nnsvs][INFO] - [dev] [Epoch 2]: loss 0.7293267250061035
[2020-07-17 12:57:51,904][nnsvs][INFO] - [Best loss 0.7293267250061035: checkpoint is saved at /content/drive/Shared drives/台U/NNSVS/Training_data/Kogare/kogare_singing/00-svs-world/exp/kogare/duration/best_loss.pth
[2020-07-17 12:57:52,198][nnsvs][INFO] - [train_no_dev] [Epoch 3]: loss 0.6663903097311655
[2020-07-17 12:57:52,281][nnsvs][INFO] - [dev] [Epoch 3]: loss 0.5078595876693726
[2020-07-17 12:57:52,317][nnsvs][INFO] - [Best loss 0.5078595876693726: checkpoint is saved at /content/drive/Shared drives/台U/NNSVS/Training_data/Kogare/kogare_singing/00-svs-world/exp/kogare/duration/best_loss.pth
[2020-07-17 12:57:52,604][nnsvs][INFO] - [train_no_dev] [Epoch 4]: loss 0.47651122510433197
[2020-07-17 12:57:52,680][nnsvs][INFO] - [dev] [Epoch 4]: loss 0.3226722776889801
[2020-07-17 12:57:52,709][nnsvs][INFO] - [Best loss 0.3226722776889801: checkpoint is saved at /content/drive/Shared drives/台U/NNSVS/Training_data/Kogare/kogare_singing/00-svs-world/exp/kogare/duration/best_loss.pth
[2020-07-17 12:57:53,011][nnsvs][INFO] - [train_no_dev] [Epoch 5]: loss 0.3906547923882802
[2020-07-17 12:57:53,089][nnsvs][INFO] - [dev] [Epoch 5]: loss 0.23038245737552643
[2020-07-17 12:57:53,119][nnsvs][INFO] - [Best loss 0.23038245737552643: checkpoint is saved at /content/drive/Shared drives/台U/NNSVS/Training_data/Kogare/kogare_singing/00-svs-world/exp/kogare/duration/best_loss.pth
[2020-07-17 12:57:53,405][nnsvs][INFO] - [train_no_dev] [Epoch 6]: loss 0.2604968821009
[2020-07-17 12:57:53,483][nnsvs][INFO] - [dev] [Epoch 6]: loss 0.2872437834739685
[2020-07-17 12:57:53,803][nnsvs][INFO] - [train_no_dev] [Epoch 7]: loss 0.21204136312007904
[2020-07-17 12:57:53,884][nnsvs][INFO] - [dev] [Epoch 7]: loss 0.0939972773194313
[2020-07-17 12:57:53,925][nnsvs][INFO] - [Best loss 0.0939972773194313: checkpoint is saved at /content/drive/Shared drives/台U/NNSVS/Training_data/Kogare/kogare_singing/00-svs-world/exp/kogare/duration/best_loss.pth
[2020-07-17 12:57:54,222][nnsvs][INFO] - [train_no_dev] [Epoch 8]: loss 0.14487101261814436
[2020-07-17 12:57:54,299][nnsvs][INFO] - [dev] [Epoch 8]: loss 0.05051795765757561
[2020-07-17 12:57:54,328][nnsvs][INFO] - [Best loss 0.05051795765757561: checkpoint is saved at /content/drive/Shared drives/台U/NNSVS/Training_data/Kogare/kogare_singing/00-svs-world/exp/kogare/duration/best_loss.pth
[2020-07-17 12:57:54,630][nnsvs][INFO] - [train_no_dev] [Epoch 9]: loss 0.10442521174748738
[2020-07-17 12:57:54,711][nnsvs][INFO] - [dev] [Epoch 9]: loss 0.028710680082440376
[2020-07-17 12:57:54,741][nnsvs][INFO] - [Best loss 0.028710680082440376: checkpoint is saved at /content/drive/Shared drives/台U/NNSVS/Training_data/Kogare/kogare_singing/00-svs-world/exp/kogare/duration/best_loss.pth
[2020-07-17 12:57:55,044][nnsvs][INFO] - [train_no_dev] [Epoch 10]: loss 0.07439886778593063
[2020-07-17 12:57:55,120][nnsvs][INFO] - [dev] [Epoch 10]: loss 0.014954700134694576
[2020-07-17 12:57:55,150][nnsvs][INFO] - [Best loss 0.014954700134694576: checkpoint is saved at /content/drive/Shared drives/台U/NNSVS/Training_data/Kogare/kogare_singing/00-svs-world/exp/kogare/duration/best_loss.pth
[2020-07-17 12:57:55,446][nnsvs][INFO] - [train_no_dev] [Epoch 11]: loss 0.06667052333553632
[2020-07-17 12:57:55,523][nnsvs][INFO] - [dev] [Epoch 11]: loss 0.017176806926727295
[2020-07-17 12:57:55,820][nnsvs][INFO] - [train_no_dev] [Epoch 12]: loss 0.04681928952534994
[2020-07-17 12:57:55,896][nnsvs][INFO] - [dev] [Epoch 12]: loss 0.008631271310150623
[2020-07-17 12:57:56,201][nnsvs][INFO] - [Best loss 0.008631271310150623: checkpoint is saved at /content/drive/Shared drives/台U/NNSVS/Training_data/Kogare/kogare_singing/00-svs-world/exp/kogare/duration/best_loss.pth
[2020-07-17 12:57:56,495][nnsvs][INFO] - [train_no_dev] [Epoch 13]: loss 0.044641757073501744
[2020-07-17 12:57:56,572][nnsvs][INFO] - [dev] [Epoch 13]: loss 0.04936317726969719
[2020-07-17 12:57:56,870][nnsvs][INFO] - [train_no_dev] [Epoch 14]: loss 0.05485232795278231
[2020-07-17 12:57:56,952][nnsvs][INFO] - [dev] [Epoch 14]: loss 0.008968744426965714
[2020-07-17 12:57:57,240][nnsvs][INFO] - [train_no_dev] [Epoch 15]: loss 0.040350256487727165
[2020-07-17 12:57:57,316][nnsvs][INFO] - [dev] [Epoch 15]: loss 0.004947771318256855
[2020-07-17 12:57:57,346][nnsvs][INFO] - [Best loss 0.004947771318256855: checkpoint is saved at /content/drive/Shared drives/台U/NNSVS/Training_data/Kogare/kogare_singing/00-svs-world/exp/kogare/duration/best_loss.pth
[2020-07-17 12:57:57,642][nnsvs][INFO] - [train_no_dev] [Epoch 16]: loss 0.03643070564915737
[2020-07-17 12:57:57,738][nnsvs][INFO] - [dev] [Epoch 16]: loss 0.010878893546760082
[2020-07-17 12:57:58,043][nnsvs][INFO] - [train_no_dev] [Epoch 17]: loss 0.0319022744273146
[2020-07-17 12:57:58,119][nnsvs][INFO] - [dev] [Epoch 17]: loss 0.016408350318670273
[2020-07-17 12:57:58,408][nnsvs][INFO] - [train_no_dev] [Epoch 18]: loss 0.030150563766558964
[2020-07-17 12:57:58,492][nnsvs][INFO] - [dev] [Epoch 18]: loss 0.004085657652467489
[2020-07-17 12:57:58,521][nnsvs][INFO] - [Best loss 0.004085657652467489: checkpoint is saved at /content/drive/Shared drives/台U/NNSVS/Training_data/Kogare/kogare_singing/00-svs-world/exp/kogare/duration/best_loss.pth
[2020-07-17 12:57:58,860][nnsvs][INFO] - [train_no_dev] [Epoch 19]: loss 0.02774494979530573
[2020-07-17 12:57:58,940][nnsvs][INFO] - [dev] [Epoch 19]: loss 0.00664878822863102
[2020-07-17 12:57:59,336][nnsvs][INFO] - [train_no_dev] [Epoch 20]: loss 0.028134250392516453
[2020-07-17 12:57:59,416][nnsvs][INFO] - [dev] [Epoch 20]: loss 0.0032612718641757965
[2020-07-17 12:57:59,445][nnsvs][INFO] - [Best loss 0.0032612718641757965: checkpoint is saved at /content/drive/Shared drives/台U/NNSVS/Training_data/Kogare/kogare_singing/00-svs-world/exp/kogare/duration/best_loss.pth
[2020-07-17 12:57:59,966][nnsvs][INFO] - Checkpoint is saved at /content/drive/Shared drives/台U/NNSVS/Training_data/Kogare/kogare_singing/00-svs-world/exp/kogare/duration/checkpoint_epoch0020.pth
[2020-07-17 12:58:01,485][nnsvs][INFO] - [train_no_dev] [Epoch 21]: loss 0.027040140392879646
[2020-07-17 12:58:01,560][nnsvs][INFO] - [dev] [Epoch 21]: loss 0.003052145941182971
[2020-07-17 12:58:01,591][nnsvs][INFO] - [Best loss 0.003052145941182971: checkpoint is saved at /content/drive/Shared drives/台U/NNSVS/Training_data/Kogare/kogare_singing/00-svs-world/exp/kogare/duration/best_loss.pth
[2020-07-17 12:58:01,880][nnsvs][INFO] - [train_no_dev] [Epoch 22]: loss 0.024348648265004158
[2020-07-17 12:58:01,960][nnsvs][INFO] - [dev] [Epoch 22]: loss 0.004940608516335487
[2020-07-17 12:58:02,256][nnsvs][INFO] - [train_no_dev] [Epoch 23]: loss 0.026215875210861366
[2020-07-17 12:58:02,337][nnsvs][INFO] - [dev] [Epoch 23]: loss 0.004247997887432575
[2020-07-17 12:58:02,629][nnsvs][INFO] - [train_no_dev] [Epoch 24]: loss 0.02162165908763806
[2020-07-17 12:58:02,714][nnsvs][INFO] - [dev] [Epoch 24]: loss 0.0033149239607155323
[2020-07-17 12:58:03,003][nnsvs][INFO] - [train_no_dev] [Epoch 25]: loss 0.024223286968966324
[2020-07-17 12:58:03,088][nnsvs][INFO] - [dev] [Epoch 25]: loss 0.0027056755498051643
[2020-07-17 12:58:03,118][nnsvs][INFO] - [Best loss 0.0027056755498051643: checkpoint is saved at /content/drive/Shared drives/台U/NNSVS/Training_data/Kogare/kogare_singing/00-svs-world/exp/kogare/duration/best_loss.pth
[2020-07-17 12:58:03,402][nnsvs][INFO] - [train_no_dev] [Epoch 26]: loss 0.025831016711890697
[2020-07-17 12:58:03,480][nnsvs][INFO] - [dev] [Epoch 26]: loss 0.002838196000084281
[2020-07-17 12:58:03,817][nnsvs][INFO] - [train_no_dev] [Epoch 27]: loss 0.022739514087637264
[2020-07-17 12:58:03,897][nnsvs][INFO] - [dev] [Epoch 27]: loss 0.004309132695198059
[2020-07-17 12:58:04,202][nnsvs][INFO] - [train_no_dev] [Epoch 28]: loss 0.022218437244494755
[2020-07-17 12:58:04,278][nnsvs][INFO] - [dev] [Epoch 28]: loss 0.005237324628978968
[2020-07-17 12:58:04,695][nnsvs][INFO] - [train_no_dev] [Epoch 29]: loss 0.022280279236535232
[2020-07-17 12:58:04,778][nnsvs][INFO] - [dev] [Epoch 29]: loss 0.007701788563281298
[2020-07-17 12:58:05,080][nnsvs][INFO] - [train_no_dev] [Epoch 30]: loss 0.021215682694067556
[2020-07-17 12:58:05,163][nnsvs][INFO] - [dev] [Epoch 30]: loss 0.006184595171362162
[2020-07-17 12:58:05,463][nnsvs][INFO] - [train_no_dev] [Epoch 31]: loss 0.020331750623881817
[2020-07-17 12:58:05,539][nnsvs][INFO] - [dev] [Epoch 31]: loss 0.005009977146983147
[2020-07-17 12:58:05,830][nnsvs][INFO] - [train_no_dev] [Epoch 32]: loss 0.023239413586755592
[2020-07-17 12:58:05,920][nnsvs][INFO] - [dev] [Epoch 32]: loss 0.005960999056696892
[2020-07-17 12:58:06,209][nnsvs][INFO] - [train_no_dev] [Epoch 33]: loss 0.020959203441937763
[2020-07-17 12:58:06,289][nnsvs][INFO] - [dev] [Epoch 33]: loss 0.007179264910519123
[2020-07-17 12:58:06,560][nnsvs][INFO] - [train_no_dev] [Epoch 34]: loss 0.022338873085876305
[2020-07-17 12:58:06,640][nnsvs][INFO] - [dev] [Epoch 34]: loss 0.005070690996944904
[2020-07-17 12:58:06,939][nnsvs][INFO] - [train_no_dev] [Epoch 35]: loss 0.019483207414547603
[2020-07-17 12:58:07,019][nnsvs][INFO] - [dev] [Epoch 35]: loss 0.008335723541676998
[2020-07-17 12:58:07,309][nnsvs][INFO] - [train_no_dev] [Epoch 36]: loss 0.019747755179802578
[2020-07-17 12:58:07,386][nnsvs][INFO] - [dev] [Epoch 36]: loss 0.006123396102339029
[2020-07-17 12:58:07,673][nnsvs][INFO] - [train_no_dev] [Epoch 37]: loss 0.020539745067556698
[2020-07-17 12:58:07,751][nnsvs][INFO] - [dev] [Epoch 37]: loss 0.0038493943866342306
[2020-07-17 12:58:08,059][nnsvs][INFO] - [train_no_dev] [Epoch 38]: loss 0.01968355445812146
[2020-07-17 12:58:08,138][nnsvs][INFO] - [dev] [Epoch 38]: loss 0.008318713866174221
[2020-07-17 12:58:08,446][nnsvs][INFO] - [train_no_dev] [Epoch 39]: loss 0.019774438502887886
[2020-07-17 12:58:08,524][nnsvs][INFO] - [dev] [Epoch 39]: loss 0.006297099869698286
[2020-07-17 12:58:08,909][nnsvs][INFO] - [train_no_dev] [Epoch 40]: loss 0.01634141073251764
[2020-07-17 12:58:08,996][nnsvs][INFO] - [dev] [Epoch 40]: loss 0.0047098184004426
[2020-07-17 12:58:09,455][nnsvs][INFO] - Checkpoint is saved at /content/drive/Shared drives/台U/NNSVS/Training_data/Kogare/kogare_singing/00-svs-world/exp/kogare/duration/checkpoint_epoch0040.pth
[2020-07-17 12:58:09,779][nnsvs][INFO] - [train_no_dev] [Epoch 41]: loss 0.017120806500315666
[2020-07-17 12:58:09,858][nnsvs][INFO] - [dev] [Epoch 41]: loss 0.006864692084491253
[2020-07-17 12:58:10,164][nnsvs][INFO] - [train_no_dev] [Epoch 42]: loss 0.01777235247815649
[2020-07-17 12:58:10,280][nnsvs][INFO] - [dev] [Epoch 42]: loss 0.0041651055216789246
[2020-07-17 12:58:10,598][nnsvs][INFO] - [train_no_dev] [Epoch 43]: loss 0.01677774420628945
[2020-07-17 12:58:10,679][nnsvs][INFO] - [dev] [Epoch 43]: loss 0.004766731057316065
[2020-07-17 12:58:10,965][nnsvs][INFO] - [train_no_dev] [Epoch 44]: loss 0.017519972908000152
[2020-07-17 12:58:11,049][nnsvs][INFO] - [dev] [Epoch 44]: loss 0.005051723215728998
[2020-07-17 12:58:11,350][nnsvs][INFO] - [train_no_dev] [Epoch 45]: loss 0.016646349647392828
[2020-07-17 12:58:11,438][nnsvs][INFO] - [dev] [Epoch 45]: loss 0.0043624513782560825
[2020-07-17 12:58:11,744][nnsvs][INFO] - [train_no_dev] [Epoch 46]: loss 0.018384763039648533
[2020-07-17 12:58:11,828][nnsvs][INFO] - [dev] [Epoch 46]: loss 0.004670648369938135
[2020-07-17 12:58:12,132][nnsvs][INFO] - [train_no_dev] [Epoch 47]: loss 0.0162896189528207
[2020-07-17 12:58:12,211][nnsvs][INFO] - [dev] [Epoch 47]: loss 0.005318804644048214
[2020-07-17 12:58:12,634][nnsvs][INFO] - [train_no_dev] [Epoch 48]: loss 0.014327871225153407
[2020-07-17 12:58:12,720][nnsvs][INFO] - [dev] [Epoch 48]: loss 0.004409885499626398
[2020-07-17 12:58:13,008][nnsvs][INFO] - [train_no_dev] [Epoch 49]: loss 0.018988937915613253
[2020-07-17 12:58:13,096][nnsvs][INFO] - [dev] [Epoch 49]: loss 0.007875921204686165
[2020-07-17 12:58:13,409][nnsvs][INFO] - [train_no_dev] [Epoch 50]: loss 0.019440283998847008
[2020-07-17 12:58:13,490][nnsvs][INFO] - [dev] [Epoch 50]: loss 0.003782516811043024
[2020-07-17 12:58:13,945][nnsvs][INFO] - Checkpoint is saved at /content/drive/Shared drives/台U/NNSVS/Training_data/Kogare/kogare_singing/00-svs-world/exp/kogare/duration/checkpoint_epoch0050.pth
[2020-07-17 12:58:13,979][nnsvs][INFO] - The best loss was 0.0027056755498051643
