[2020-07-15 16:04:16,291][nnsvs][INFO] - list_path: train_list.txt
out_path: dump/kogare/org/in_duration_scaler.joblib
scaler:
  class: sklearn.preprocessing.MinMaxScaler
  params: {}
verbose: 100

[2020-07-15 16:04:16,964][nnsvs][INFO] - data min:
[ 0.       0.       0.       0.       0.       0.       0.       0.
  0.       0.       0.       0.       0.       0.       0.       0.
  0.       0.       0.       0.       0.       0.       0.       0.
  0.       0.       0.       0.       0.       0.       0.       0.
  0.       0.       0.       0.       0.       0.       0.       0.
  0.       0.       0.       0.       0.       0.       0.       0.
  0.       0.       0.       0.       0.       0.       0.       0.
  0.       0.       0.       0.       0.       0.       0.       0.
  0.       0.       0.       0.       0.       0.       0.       0.
  0.       0.       0.       0.       0.       0.       0.       0.
  0.       0.       0.       0.       0.       0.       0.       0.
  0.       0.       0.       0.       0.       0.       0.       0.
  0.       0.       0.       0.       0.       0.       0.       0.
  0.       0.       0.       0.       0.       0.       0.       0.
  0.       0.       0.       0.       0.       0.       0.       0.
  0.       0.       0.       0.       0.       0.       0.       0.
  0.       0.       0.       0.       0.       0.       0.       0.
  0.       0.       0.       0.       0.       0.       0.       0.
  0.       0.       0.       0.       0.       0.       0.       0.
  0.       0.       0.       0.       0.       0.       0.       0.
  0.       0.       0.       0.       0.       0.       0.       0.
  0.       0.       0.       0.       0.       0.       0.       0.
  0.       0.       0.       0.       0.       0.       0.       0.
  0.       0.       0.       0.       0.       0.       0.       0.
  0.       0.       0.       0.       0.       0.       0.       0.
  0.       0.       0.       0.       0.       0.       0.       0.
  0.       0.       0.       0.       0.       0.       0.       0.
  0.       0.       0.       0.       0.       0.       0.       0.
  0.       0.       0.       0.       0.       0.       0.       0.
  0.       0.       0.       0.       0.       0.       0.       0.
  0.       0.       0.       0.       0.       0.       0.       0.
  0.       0.       0.       0.       0.       0.       0.       0.
  0.       0.       0.       0.       0.       0.       0.       0.
  0.       0.       0.       0.       0.       0.       0.       0.
  0.       0.       0.       0.       0.       0.       0.       0.
  0.       0.       0.       0.       0.       0.       0.       0.
  0.       0.       0.       0.       0.       0.       0.       0.
  0.       0.       0.       0.       0.       0.       1.       0.
  0.       0.       0.       0.       0.       0.       0.       0.
  0.       0.       0.       0.       0.       0.       0.       0.
  0.       0.       0.       0.       0.       0.       0.       0.
  0.       0.       0.       0.       0.       0.       0.       0.
  0.       0.       0.       0.       0.       0.       0.       0.
  1.       1.       1.       1.       1.       0.       0.       0.
  0.       0.       0.       0.       0.       5.97125  5.97125  5.97125
  1.       1.      -1.      -1.      -1.      -1.      -1.       1.
  1.       1.      -1.      -1.      -1.      -1.      -1.      -1.
 -1.      -1.      -1.       0.       1.      12.       6.       0.
  0.      -1.      -1.      -1.      -1.      -1.      -1.      -1.
 -1.      -1.      -1.      -1.      -1.      -1.      -1.      -1.
 -1.      -1.      -1.      -1.      -1.      -1.      -1.      -1.
 -1.      -1.      -1.      -1.      -1.      -1.      -1.      -1.
 -1.      -1.      -1.      -1.     ]
[2020-07-15 16:04:16,967][nnsvs][INFO] - data max:
[  0.         1.         0.         1.         1.         1.
   1.         1.         1.         1.         0.         1.
   1.         0.         1.         1.         0.         1.
   1.         0.         1.         1.         0.         1.
   1.         0.         1.         1.         1.         1.
   1.         1.         1.         1.         1.         1.
   1.         1.         0.         1.         1.         1.
   0.         1.         0.         0.         1.         0.
   1.         0.         0.         0.         0.         1.
   1.         0.         0.         0.         0.         1.
   0.         0.         1.         0.         0.         0.
   0.         0.         0.         0.         1.         0.
   1.         0.         1.         0.         1.         0.
   1.         0.         1.         0.         1.         0.
   1.         0.         1.         0.         0.         0.
   0.         0.         0.         0.         0.         0.
   1.         1.         0.         1.         0.         1.
   1.         1.         1.         1.         0.         1.
   1.         0.         1.         1.         0.         1.
   1.         0.         1.         1.         0.         1.
   1.         0.         1.         1.         1.         1.
   1.         1.         1.         1.         1.         1.
   1.         1.         0.         1.         1.         1.
   0.         1.         0.         0.         1.         0.
   1.         0.         0.         0.         0.         1.
   1.         0.         0.         0.         0.         1.
   0.         0.         1.         0.         0.         0.
   0.         0.         0.         0.         1.         0.
   1.         0.         1.         0.         1.         0.
   1.         0.         1.         0.         1.         0.
   1.         0.         1.         0.         0.         0.
   0.         0.         0.         0.         0.         0.
   1.         1.         0.         1.         0.         1.
   1.         1.         1.         1.         0.         1.
   1.         0.         1.         1.         0.         1.
   1.         0.         1.         1.         0.         1.
   1.         0.         1.         1.         1.         1.
   1.         1.         1.         1.         1.         1.
   1.         1.         0.         1.         1.         1.
   0.         1.         0.         0.         1.         0.
   1.         0.         0.         0.         0.         1.
   1.         0.         0.         0.         0.         1.
   0.         0.         1.         0.         0.         0.
   0.         0.         0.         0.         1.         0.
   1.         0.         1.         0.         1.         0.
   1.         0.         1.         0.         1.         0.
   1.         0.         1.         0.         0.         0.
   0.         0.         0.         0.         0.         0.
   1.         1.         0.         1.         0.         0.
   0.         1.         0.         0.         0.         0.
   0.         0.         1.         0.         0.         0.
   0.         0.         0.         1.         0.         0.
   0.         0.         1.         1.         0.         1.
   1.         0.         1.         1.         0.         0.
   0.         0.         1.         1.         0.         0.
   0.         0.         0.         0.         1.         1.
   0.         0.         0.         0.         0.         0.
   0.         0.         1.         1.         1.         1.
   1.         0.         0.         0.         1.         1.
   0.         0.         0.         6.086775   6.086775   6.086775
   2.         2.        -1.         1.         2.         1.
   1.         2.         1.         1.         2.         1.
   1.         9.         0.         1.       200.        96.
   9.         0.         1.       200.        96.         0.
   0.        -1.        -1.        -1.        -1.        -1.
  -1.         6.         1.        28.         5.        99.
  24.        -1.        -1.        -1.        -1.        -1.
  -1.        -1.        -1.        -1.        -1.        -1.
  -1.        -1.        -1.        -1.        -1.        -1.
  -1.         9.         0.         1.       200.        96.      ]
