[2020-07-14 06:37:41,279][nnsvs][INFO] - list_path: train_list.txt
out_path: dump/kogare/org/in_timelag_scaler.joblib
scaler:
  class: sklearn.preprocessing.MinMaxScaler
  params: {}
verbose: 100

[2020-07-14 06:37:41,300][nnsvs][INFO] - data min:
[ 0.        0.        0.        1.        0.        0.        0.
  0.        0.        0.        0.        0.        0.        0.
  0.        0.        0.        0.        0.        0.        0.
  0.        0.        0.        0.        0.        0.        0.
  0.        0.        0.        0.        0.        0.        0.
  0.        0.        0.        0.        0.        0.        0.
  0.        0.        0.        0.        0.        0.        0.
  0.        0.        0.        0.        0.        0.        0.
  0.        0.        0.        0.        0.        0.        0.
  0.        0.        0.        0.        0.        0.        0.
  0.        0.        0.        0.        0.        0.        0.
  0.        0.        0.        0.        0.        0.        0.
  0.        0.        0.        0.        0.        0.        0.
  0.        0.        0.        0.        0.        0.        0.
  0.        0.        0.        0.        1.        0.        0.
  0.        0.        0.        0.        0.        0.        0.
  0.        0.        0.        0.        0.        0.        0.
  0.        0.        0.        0.        0.        0.        0.
  0.        0.        1.        0.        0.        1.        0.
  0.        0.        1.        0.        0.        0.        0.
  0.        0.        0.        0.        0.        0.        0.
  0.        0.        1.        0.        0.        0.        0.
  0.        0.        0.        0.        0.        0.        0.
  0.        0.        0.        0.        0.        0.        0.
  0.        0.        0.        0.        0.        0.        1.
  0.        0.        0.        0.        0.        0.        0.
  0.        0.        0.        0.        0.        0.        0.
  0.        0.        0.        0.        0.        0.        0.
  0.        1.        0.        0.        1.        1.        0.
  0.        0.        0.        0.        0.        0.        0.
  0.        0.        0.        0.        0.        0.        0.
  0.        0.        0.        0.        0.        0.        0.
  0.        0.        0.        0.        0.        0.        0.
  0.        0.        0.        0.        0.        0.        0.
  0.        0.        0.        0.        0.        0.        0.
  0.        0.        0.        0.        0.        0.        0.
  0.        0.        0.        0.        0.        0.        0.
  0.        0.        0.        0.        0.        0.        0.
  0.        0.        0.        0.        0.        0.        0.
  0.        0.        0.        0.        0.        0.        0.
  0.        0.        0.        0.        0.        0.        0.
  0.        0.        0.        0.        0.        0.        0.
  0.        1.        0.        0.        0.        0.        0.
  0.        1.        0.        0.        0.        0.        0.
  0.        1.        0.        0.        0.        0.        0.
  0.        0.        1.        1.        0.        0.        0.
  0.        0.        0.        0.        0.        0.        0.
  0.        0.        0.        0.        0.        0.        1.
  0.        0.        0.        0.        0.        0.        0.
  0.        1.        1.        1.        1.        1.        0.
  0.        0.        0.        0.        0.        0.        0.
  6.086775  6.086775  6.086775  1.        2.       -1.        1.
 -1.       -1.       -1.        2.        1.        1.       -1.
 -1.       -1.       -1.       -1.       -1.       -1.       -1.
  9.        0.        1.       50.       24.        0.        0.
 -1.       -1.       -1.       -1.       -1.       -1.       -1.
 -1.       -1.       -1.       -1.       -1.       -1.       -1.
 -1.       -1.       -1.       -1.       -1.       -1.       -1.
 -1.       -1.       -1.       -1.       -1.       -1.       -1.
 -1.       -1.       -1.       -1.       -1.       -1.       -1.      ]
[2020-07-14 06:37:41,304][nnsvs][INFO] - data max:
[  0.         0.         0.         1.         0.         1.
   0.         1.         1.         1.         0.         1.
   1.         0.         1.         1.         0.         1.
   1.         0.         1.         1.         0.         1.
   1.         0.         1.         1.         1.         1.
   1.         0.         0.         0.         0.         0.
   0.         0.         0.         0.         0.         0.
   0.         0.         0.         0.         0.         0.
   0.         0.         0.         0.         0.         0.
   0.         0.         0.         0.         0.         0.
   0.         0.         1.         0.         0.         0.
   0.         0.         0.         0.         1.         0.
   0.         0.         0.         0.         1.         0.
   0.         0.         0.         0.         0.         0.
   1.         0.         1.         0.         0.         0.
   0.         0.         0.         0.         0.         0.
   1.         0.         0.         0.         0.         0.
   1.         0.         0.         0.         0.         0.
   0.         0.         0.         0.         0.         0.
   0.         0.         0.         0.         0.         0.
   0.         0.         0.         0.         0.         0.
   0.         0.         1.         0.         0.         1.
   0.         0.         0.         1.         0.         0.
   0.         0.         0.         0.         0.         0.
   0.         0.         0.         0.         0.         1.
   0.         0.         0.         0.         0.         0.
   0.         0.         0.         0.         0.         0.
   0.         0.         0.         0.         0.         0.
   0.         0.         0.         0.         0.         0.
   1.         0.         0.         0.         0.         0.
   0.         0.         0.         0.         0.         0.
   0.         0.         0.         0.         0.         0.
   0.         0.         0.         0.         0.         1.
   0.         0.         1.         1.         0.         1.
   1.         0.         1.         1.         0.         1.
   1.         0.         1.         1.         0.         1.
   1.         0.         1.         1.         1.         1.
   1.         0.         0.         0.         0.         0.
   0.         0.         0.         0.         0.         0.
   0.         0.         0.         0.         0.         0.
   0.         0.         0.         0.         0.         0.
   0.         0.         0.         0.         0.         0.
   0.         0.         1.         0.         0.         0.
   0.         0.         0.         0.         1.         0.
   0.         0.         0.         0.         1.         0.
   0.         0.         0.         0.         0.         0.
   1.         0.         0.         0.         0.         0.
   0.         0.         0.         0.         0.         0.
   1.         0.         0.         0.         0.         0.
   0.         1.         0.         0.         0.         0.
   0.         0.         1.         0.         0.         0.
   0.         0.         0.         1.         0.         0.
   0.         0.         1.         1.         0.         1.
   1.         0.         1.         1.         0.         0.
   0.         0.         0.         1.         0.         0.
   0.         0.         0.         0.         0.         1.
   0.         0.         0.         0.         0.         0.
   0.         0.         1.         1.         1.         1.
   1.         0.         0.         0.         0.         1.
   0.         0.         0.         6.086775   6.086775   6.086775
   1.         2.        -1.         1.         2.         1.
   1.         2.         1.         1.         2.         1.
   1.         9.         0.         1.        50.        24.
   9.         0.         1.       150.        72.         0.
   0.        -1.        -1.        -1.        -1.        -1.
  -1.        -1.        -1.        -1.        -1.        -1.
  -1.        -1.        -1.        -1.        -1.        -1.
  -1.        -1.        -1.        -1.        -1.        -1.
  -1.        -1.        -1.        -1.        -1.        -1.
  -1.         9.         0.         1.       150.        72.      ]
