[2020-07-17 08:49:18,443][nnsvs][INFO] - cudnn:
  benchmark: false
  deterministic: false
data:
  batch_size: 8
  dev:
    in_dir: dump/kogare/norm/dev/in_duration/
    out_dir: dump/kogare/norm/dev/out_duration/
  num_workers: 2
  pin_memory: true
  train_no_dev:
    in_dir: dump/kogare/norm/train_no_dev/in_duration/
    out_dir: dump/kogare/norm/train_no_dev/out_duration/
model:
  has_dynamic_features:
  - false
  netG:
    class: nnsvs.model.LSTMRNN
    params:
      bidirectional: true
      dropout: 0.5
      hidden_dim: 64
      in_dim: 420
      num_layers: 2
      out_dim: 1
  stream_sizes:
  - 1
  stream_weights:
  - 1
optim:
  lr_scheduler:
    name: StepLR
    params:
      gamma: 0.5
      step_size: 20
  optimizer:
    name: Adam
    params:
      betas:
      - 0.5
      - 0.999
      lr: 0.001
      weight_decay: 0.0
resume:
  checkpoint: null
  load_optimizer: false
train:
  checkpoint_epoch_interval: 20
  nepochs: 50
  out_dir: exp/kogare/duration
  stream_wise_loss: false
verbose: 100

[2020-07-17 08:49:18,443][nnsvs][INFO] - cudnn.deterministic: False
[2020-07-17 08:49:18,444][nnsvs][INFO] - cudnn.benchmark: False
[2020-07-17 08:49:22,434][nnsvs][INFO] - torch.Size([8, 16, 420]), torch.Size([8, 16, 1]), torch.Size([8])
[2020-07-17 08:49:22,437][nnsvs][INFO] - torch.Size([8, 16, 420]), torch.Size([8, 16, 1]), torch.Size([8])
[2020-07-17 08:49:22,453][nnsvs][INFO] - torch.Size([8, 16, 420]), torch.Size([8, 16, 1]), torch.Size([8])
[2020-07-17 08:49:22,471][nnsvs][INFO] - torch.Size([8, 16, 420]), torch.Size([8, 16, 1]), torch.Size([8])
[2020-07-17 08:49:22,490][nnsvs][INFO] - torch.Size([8, 16, 420]), torch.Size([8, 16, 1]), torch.Size([8])
[2020-07-17 08:49:22,490][nnsvs][INFO] - torch.Size([2, 16, 420]), torch.Size([2, 16, 1]), torch.Size([2])
[2020-07-17 08:49:22,591][nnsvs][INFO] - torch.Size([1, 15, 420]), torch.Size([1, 15, 1]), torch.Size([1])
[2020-07-17 08:49:22,645][nnsvs][INFO] - Start utterance-wise training...
[2020-07-17 08:49:22,950][nnsvs][INFO] - [train_no_dev] [Epoch 1]: loss 0.9862617353598276
[2020-07-17 08:49:23,049][nnsvs][INFO] - [dev] [Epoch 1]: loss 0.9591225385665894
[2020-07-17 08:49:23,078][nnsvs][INFO] - [Best loss 0.9591225385665894: checkpoint is saved at /content/drive/Shared drives/台U/NNSVS/Training_data/Kogare/kogare_singing/00-svs-world/exp/kogare/duration/best_loss.pth
[2020-07-17 08:49:23,328][nnsvs][INFO] - [train_no_dev] [Epoch 2]: loss 0.8428584734598795
[2020-07-17 08:49:23,432][nnsvs][INFO] - [dev] [Epoch 2]: loss 0.7618733048439026
[2020-07-17 08:49:23,455][nnsvs][INFO] - [Best loss 0.7618733048439026: checkpoint is saved at /content/drive/Shared drives/台U/NNSVS/Training_data/Kogare/kogare_singing/00-svs-world/exp/kogare/duration/best_loss.pth
[2020-07-17 08:49:23,695][nnsvs][INFO] - [train_no_dev] [Epoch 3]: loss 0.6496396362781525
[2020-07-17 08:49:23,800][nnsvs][INFO] - [dev] [Epoch 3]: loss 0.4671753942966461
[2020-07-17 08:49:23,825][nnsvs][INFO] - [Best loss 0.4671753942966461: checkpoint is saved at /content/drive/Shared drives/台U/NNSVS/Training_data/Kogare/kogare_singing/00-svs-world/exp/kogare/duration/best_loss.pth
[2020-07-17 08:49:24,083][nnsvs][INFO] - [train_no_dev] [Epoch 4]: loss 0.4293244481086731
[2020-07-17 08:49:24,193][nnsvs][INFO] - [dev] [Epoch 4]: loss 0.4925185441970825
[2020-07-17 08:49:24,446][nnsvs][INFO] - [train_no_dev] [Epoch 5]: loss 0.3267042661706607
[2020-07-17 08:49:24,544][nnsvs][INFO] - [dev] [Epoch 5]: loss 0.24048124253749847
[2020-07-17 08:49:24,571][nnsvs][INFO] - [Best loss 0.24048124253749847: checkpoint is saved at /content/drive/Shared drives/台U/NNSVS/Training_data/Kogare/kogare_singing/00-svs-world/exp/kogare/duration/best_loss.pth
[2020-07-17 08:49:24,852][nnsvs][INFO] - [train_no_dev] [Epoch 6]: loss 0.23628640423218408
[2020-07-17 08:49:24,961][nnsvs][INFO] - [dev] [Epoch 6]: loss 0.12856106460094452
[2020-07-17 08:49:24,985][nnsvs][INFO] - [Best loss 0.12856106460094452: checkpoint is saved at /content/drive/Shared drives/台U/NNSVS/Training_data/Kogare/kogare_singing/00-svs-world/exp/kogare/duration/best_loss.pth
[2020-07-17 08:49:25,241][nnsvs][INFO] - [train_no_dev] [Epoch 7]: loss 0.15034130091468492
[2020-07-17 08:49:25,486][nnsvs][INFO] - [dev] [Epoch 7]: loss 0.07867945730686188
[2020-07-17 08:49:25,519][nnsvs][INFO] - [Best loss 0.07867945730686188: checkpoint is saved at /content/drive/Shared drives/台U/NNSVS/Training_data/Kogare/kogare_singing/00-svs-world/exp/kogare/duration/best_loss.pth
[2020-07-17 08:49:25,779][nnsvs][INFO] - [train_no_dev] [Epoch 8]: loss 0.11186657349268596
[2020-07-17 08:49:25,884][nnsvs][INFO] - [dev] [Epoch 8]: loss 0.05326632037758827
[2020-07-17 08:49:25,911][nnsvs][INFO] - [Best loss 0.05326632037758827: checkpoint is saved at /content/drive/Shared drives/台U/NNSVS/Training_data/Kogare/kogare_singing/00-svs-world/exp/kogare/duration/best_loss.pth
[2020-07-17 08:49:26,194][nnsvs][INFO] - [train_no_dev] [Epoch 9]: loss 0.09686843305826187
[2020-07-17 08:49:26,297][nnsvs][INFO] - [dev] [Epoch 9]: loss 0.09169717133045197
[2020-07-17 08:49:26,549][nnsvs][INFO] - [train_no_dev] [Epoch 10]: loss 0.08096497505903244
[2020-07-17 08:49:26,650][nnsvs][INFO] - [dev] [Epoch 10]: loss 0.019608141854405403
[2020-07-17 08:49:26,679][nnsvs][INFO] - [Best loss 0.019608141854405403: checkpoint is saved at /content/drive/Shared drives/台U/NNSVS/Training_data/Kogare/kogare_singing/00-svs-world/exp/kogare/duration/best_loss.pth
[2020-07-17 08:49:26,948][nnsvs][INFO] - [train_no_dev] [Epoch 11]: loss 0.0561460896084706
[2020-07-17 08:49:27,064][nnsvs][INFO] - [dev] [Epoch 11]: loss 0.016322150826454163
[2020-07-17 08:49:27,087][nnsvs][INFO] - [Best loss 0.016322150826454163: checkpoint is saved at /content/drive/Shared drives/台U/NNSVS/Training_data/Kogare/kogare_singing/00-svs-world/exp/kogare/duration/best_loss.pth
[2020-07-17 08:49:27,330][nnsvs][INFO] - [train_no_dev] [Epoch 12]: loss 0.05224137380719185
[2020-07-17 08:49:27,430][nnsvs][INFO] - [dev] [Epoch 12]: loss 0.019479582086205482
[2020-07-17 08:49:27,672][nnsvs][INFO] - [train_no_dev] [Epoch 13]: loss 0.0419344628850619
[2020-07-17 08:49:27,774][nnsvs][INFO] - [dev] [Epoch 13]: loss 0.03402429446578026
[2020-07-17 08:49:28,011][nnsvs][INFO] - [train_no_dev] [Epoch 14]: loss 0.043700553476810455
[2020-07-17 08:49:28,117][nnsvs][INFO] - [dev] [Epoch 14]: loss 0.004312105476856232
[2020-07-17 08:49:28,141][nnsvs][INFO] - [Best loss 0.004312105476856232: checkpoint is saved at /content/drive/Shared drives/台U/NNSVS/Training_data/Kogare/kogare_singing/00-svs-world/exp/kogare/duration/best_loss.pth
[2020-07-17 08:49:28,384][nnsvs][INFO] - [train_no_dev] [Epoch 15]: loss 0.03370832403500875
[2020-07-17 08:49:28,490][nnsvs][INFO] - [dev] [Epoch 15]: loss 0.006691065151244402
[2020-07-17 08:49:28,742][nnsvs][INFO] - [train_no_dev] [Epoch 16]: loss 0.031948033099373184
[2020-07-17 08:49:28,843][nnsvs][INFO] - [dev] [Epoch 16]: loss 0.02081562764942646
[2020-07-17 08:49:29,114][nnsvs][INFO] - [train_no_dev] [Epoch 17]: loss 0.033047472747663655
[2020-07-17 08:49:29,401][nnsvs][INFO] - [dev] [Epoch 17]: loss 0.009512475691735744
[2020-07-17 08:49:29,643][nnsvs][INFO] - [train_no_dev] [Epoch 18]: loss 0.03329245435694853
[2020-07-17 08:49:29,756][nnsvs][INFO] - [dev] [Epoch 18]: loss 0.009953046217560768
[2020-07-17 08:49:30,014][nnsvs][INFO] - [train_no_dev] [Epoch 19]: loss 0.029029516813655693
[2020-07-17 08:49:30,126][nnsvs][INFO] - [dev] [Epoch 19]: loss 0.008431665599346161
[2020-07-17 08:49:30,455][nnsvs][INFO] - [train_no_dev] [Epoch 20]: loss 0.027506150615712006
[2020-07-17 08:49:30,555][nnsvs][INFO] - [dev] [Epoch 20]: loss 0.004669873043894768
[2020-07-17 08:49:30,579][nnsvs][INFO] - Checkpoint is saved at /content/drive/Shared drives/台U/NNSVS/Training_data/Kogare/kogare_singing/00-svs-world/exp/kogare/duration/checkpoint_epoch0020.pth
[2020-07-17 08:49:30,877][nnsvs][INFO] - [train_no_dev] [Epoch 21]: loss 0.026911006619532902
[2020-07-17 08:49:30,973][nnsvs][INFO] - [dev] [Epoch 21]: loss 0.008167965337634087
[2020-07-17 08:49:31,240][nnsvs][INFO] - [train_no_dev] [Epoch 22]: loss 0.02618930706133445
[2020-07-17 08:49:31,361][nnsvs][INFO] - [dev] [Epoch 22]: loss 0.0053930929861962795
[2020-07-17 08:49:31,622][nnsvs][INFO] - [train_no_dev] [Epoch 23]: loss 0.023973875058194
[2020-07-17 08:49:31,727][nnsvs][INFO] - [dev] [Epoch 23]: loss 0.010920596309006214
[2020-07-17 08:49:31,970][nnsvs][INFO] - [train_no_dev] [Epoch 24]: loss 0.02713256360342105
[2020-07-17 08:49:32,070][nnsvs][INFO] - [dev] [Epoch 24]: loss 0.009103735908865929
[2020-07-17 08:49:32,327][nnsvs][INFO] - [train_no_dev] [Epoch 25]: loss 0.025666656903922558
[2020-07-17 08:49:32,421][nnsvs][INFO] - [dev] [Epoch 25]: loss 0.007952127605676651
[2020-07-17 08:49:32,656][nnsvs][INFO] - [train_no_dev] [Epoch 26]: loss 0.023600445749859016
[2020-07-17 08:49:32,760][nnsvs][INFO] - [dev] [Epoch 26]: loss 0.005172432400286198
[2020-07-17 08:49:33,025][nnsvs][INFO] - [train_no_dev] [Epoch 27]: loss 0.020292936358600855
[2020-07-17 08:49:33,124][nnsvs][INFO] - [dev] [Epoch 27]: loss 0.00617919210344553
[2020-07-17 08:49:33,373][nnsvs][INFO] - [train_no_dev] [Epoch 28]: loss 0.02264788094907999
[2020-07-17 08:49:33,470][nnsvs][INFO] - [dev] [Epoch 28]: loss 0.0037273126654326916
[2020-07-17 08:49:33,496][nnsvs][INFO] - [Best loss 0.0037273126654326916: checkpoint is saved at /content/drive/Shared drives/台U/NNSVS/Training_data/Kogare/kogare_singing/00-svs-world/exp/kogare/duration/best_loss.pth
[2020-07-17 08:49:33,726][nnsvs][INFO] - [train_no_dev] [Epoch 29]: loss 0.020263223598400753
[2020-07-17 08:49:33,831][nnsvs][INFO] - [dev] [Epoch 29]: loss 0.0029283922631293535
[2020-07-17 08:49:33,855][nnsvs][INFO] - [Best loss 0.0029283922631293535: checkpoint is saved at /content/drive/Shared drives/台U/NNSVS/Training_data/Kogare/kogare_singing/00-svs-world/exp/kogare/duration/best_loss.pth
[2020-07-17 08:49:34,090][nnsvs][INFO] - [train_no_dev] [Epoch 30]: loss 0.021091812911132973
[2020-07-17 08:49:34,193][nnsvs][INFO] - [dev] [Epoch 30]: loss 0.0031924594659358263
[2020-07-17 08:49:34,442][nnsvs][INFO] - [train_no_dev] [Epoch 31]: loss 0.018934349219004314
[2020-07-17 08:49:34,540][nnsvs][INFO] - [dev] [Epoch 31]: loss 0.0029338228050619364
[2020-07-17 08:49:34,768][nnsvs][INFO] - [train_no_dev] [Epoch 32]: loss 0.019153413518021505
[2020-07-17 08:49:34,873][nnsvs][INFO] - [dev] [Epoch 32]: loss 0.004317575134336948
[2020-07-17 08:49:35,116][nnsvs][INFO] - [train_no_dev] [Epoch 33]: loss 0.018400111856559914
[2020-07-17 08:49:35,221][nnsvs][INFO] - [dev] [Epoch 33]: loss 0.0033007673919200897
[2020-07-17 08:49:35,461][nnsvs][INFO] - [train_no_dev] [Epoch 34]: loss 0.018335336198409397
[2020-07-17 08:49:35,561][nnsvs][INFO] - [dev] [Epoch 34]: loss 0.0033173025585711002
[2020-07-17 08:49:35,964][nnsvs][INFO] - [train_no_dev] [Epoch 35]: loss 0.021285660254458588
[2020-07-17 08:49:36,070][nnsvs][INFO] - [dev] [Epoch 35]: loss 0.005078157875686884
[2020-07-17 08:49:36,322][nnsvs][INFO] - [train_no_dev] [Epoch 36]: loss 0.023072809912264347
[2020-07-17 08:49:36,417][nnsvs][INFO] - [dev] [Epoch 36]: loss 0.004748926963657141
[2020-07-17 08:49:36,672][nnsvs][INFO] - [train_no_dev] [Epoch 37]: loss 0.018877702144285042
[2020-07-17 08:49:36,769][nnsvs][INFO] - [dev] [Epoch 37]: loss 0.00678052706643939
[2020-07-17 08:49:37,032][nnsvs][INFO] - [train_no_dev] [Epoch 38]: loss 0.020929424713055294
[2020-07-17 08:49:37,131][nnsvs][INFO] - [dev] [Epoch 38]: loss 0.003988632000982761
[2020-07-17 08:49:37,389][nnsvs][INFO] - [train_no_dev] [Epoch 39]: loss 0.018492404837161303
[2020-07-17 08:49:37,487][nnsvs][INFO] - [dev] [Epoch 39]: loss 0.003481114050373435
[2020-07-17 08:49:37,715][nnsvs][INFO] - [train_no_dev] [Epoch 40]: loss 0.020732733731468517
[2020-07-17 08:49:37,813][nnsvs][INFO] - [dev] [Epoch 40]: loss 0.004453780595213175
[2020-07-17 08:49:37,837][nnsvs][INFO] - Checkpoint is saved at /content/drive/Shared drives/台U/NNSVS/Training_data/Kogare/kogare_singing/00-svs-world/exp/kogare/duration/checkpoint_epoch0040.pth
[2020-07-17 08:49:38,113][nnsvs][INFO] - [train_no_dev] [Epoch 41]: loss 0.01739703320587675
[2020-07-17 08:49:38,215][nnsvs][INFO] - [dev] [Epoch 41]: loss 0.0036364512052387
[2020-07-17 08:49:38,460][nnsvs][INFO] - [train_no_dev] [Epoch 42]: loss 0.016883559214572113
[2020-07-17 08:49:38,557][nnsvs][INFO] - [dev] [Epoch 42]: loss 0.003624196629971266
[2020-07-17 08:49:38,793][nnsvs][INFO] - [train_no_dev] [Epoch 43]: loss 0.018159909018625815
[2020-07-17 08:49:38,890][nnsvs][INFO] - [dev] [Epoch 43]: loss 0.00325568625703454
[2020-07-17 08:49:39,138][nnsvs][INFO] - [train_no_dev] [Epoch 44]: loss 0.016914295498281717
[2020-07-17 08:49:39,241][nnsvs][INFO] - [dev] [Epoch 44]: loss 0.003624395001679659
[2020-07-17 08:49:39,497][nnsvs][INFO] - [train_no_dev] [Epoch 45]: loss 0.015347500642140707
[2020-07-17 08:49:39,596][nnsvs][INFO] - [dev] [Epoch 45]: loss 0.006709672510623932
[2020-07-17 08:49:39,827][nnsvs][INFO] - [train_no_dev] [Epoch 46]: loss 0.016971852630376816
[2020-07-17 08:49:39,937][nnsvs][INFO] - [dev] [Epoch 46]: loss 0.004788563121110201
[2020-07-17 08:49:40,208][nnsvs][INFO] - [train_no_dev] [Epoch 47]: loss 0.01986494567245245
[2020-07-17 08:49:40,309][nnsvs][INFO] - [dev] [Epoch 47]: loss 0.004461181815713644
[2020-07-17 08:49:40,543][nnsvs][INFO] - [train_no_dev] [Epoch 48]: loss 0.01751371193677187
[2020-07-17 08:49:40,643][nnsvs][INFO] - [dev] [Epoch 48]: loss 0.004898127168416977
[2020-07-17 08:49:40,880][nnsvs][INFO] - [train_no_dev] [Epoch 49]: loss 0.016892479577412207
[2020-07-17 08:49:40,987][nnsvs][INFO] - [dev] [Epoch 49]: loss 0.004238436464220285
[2020-07-17 08:49:41,233][nnsvs][INFO] - [train_no_dev] [Epoch 50]: loss 0.015869343498100836
[2020-07-17 08:49:41,336][nnsvs][INFO] - [dev] [Epoch 50]: loss 0.0038322219625115395
[2020-07-17 08:49:41,368][nnsvs][INFO] - Checkpoint is saved at /content/drive/Shared drives/台U/NNSVS/Training_data/Kogare/kogare_singing/00-svs-world/exp/kogare/duration/checkpoint_epoch0050.pth
[2020-07-17 08:49:41,392][nnsvs][INFO] - The best loss was 0.0029283922631293535
