[2020-07-14 06:37:43,510][nnsvs][INFO] - list_path: train_list.txt
out_path: dump/kogare/org/in_acoustic_scaler.joblib
scaler:
  class: sklearn.preprocessing.MinMaxScaler
  params: {}
verbose: 100

[2020-07-14 06:37:43,598][nnsvs][INFO] - data min:
[ 0.0000000e+00  0.0000000e+00  0.0000000e+00  0.0000000e+00
  0.0000000e+00  0.0000000e+00  0.0000000e+00  0.0000000e+00
  0.0000000e+00  0.0000000e+00  0.0000000e+00  0.0000000e+00
  0.0000000e+00  0.0000000e+00  0.0000000e+00  0.0000000e+00
  0.0000000e+00  0.0000000e+00  0.0000000e+00  0.0000000e+00
  0.0000000e+00  0.0000000e+00  0.0000000e+00  0.0000000e+00
  0.0000000e+00  0.0000000e+00  0.0000000e+00  0.0000000e+00
  0.0000000e+00  0.0000000e+00  0.0000000e+00  0.0000000e+00
  0.0000000e+00  0.0000000e+00  0.0000000e+00  0.0000000e+00
  0.0000000e+00  0.0000000e+00  0.0000000e+00  0.0000000e+00
  0.0000000e+00  0.0000000e+00  0.0000000e+00  0.0000000e+00
  0.0000000e+00  0.0000000e+00  0.0000000e+00  0.0000000e+00
  0.0000000e+00  0.0000000e+00  0.0000000e+00  0.0000000e+00
  0.0000000e+00  0.0000000e+00  0.0000000e+00  0.0000000e+00
  0.0000000e+00  0.0000000e+00  0.0000000e+00  0.0000000e+00
  0.0000000e+00  0.0000000e+00  0.0000000e+00  0.0000000e+00
  0.0000000e+00  0.0000000e+00  0.0000000e+00  0.0000000e+00
  0.0000000e+00  0.0000000e+00  0.0000000e+00  0.0000000e+00
  0.0000000e+00  0.0000000e+00  0.0000000e+00  0.0000000e+00
  0.0000000e+00  0.0000000e+00  0.0000000e+00  0.0000000e+00
  0.0000000e+00  0.0000000e+00  0.0000000e+00  0.0000000e+00
  0.0000000e+00  0.0000000e+00  0.0000000e+00  0.0000000e+00
  0.0000000e+00  0.0000000e+00  0.0000000e+00  0.0000000e+00
  0.0000000e+00  0.0000000e+00  0.0000000e+00  0.0000000e+00
  0.0000000e+00  0.0000000e+00  0.0000000e+00  0.0000000e+00
  0.0000000e+00  0.0000000e+00  0.0000000e+00  0.0000000e+00
  0.0000000e+00  0.0000000e+00  0.0000000e+00  0.0000000e+00
  0.0000000e+00  0.0000000e+00  0.0000000e+00  0.0000000e+00
  0.0000000e+00  0.0000000e+00  0.0000000e+00  0.0000000e+00
  0.0000000e+00  0.0000000e+00  0.0000000e+00  0.0000000e+00
  0.0000000e+00  0.0000000e+00  0.0000000e+00  0.0000000e+00
  0.0000000e+00  0.0000000e+00  0.0000000e+00  0.0000000e+00
  0.0000000e+00  0.0000000e+00  0.0000000e+00  0.0000000e+00
  0.0000000e+00  0.0000000e+00  0.0000000e+00  0.0000000e+00
  0.0000000e+00  0.0000000e+00  0.0000000e+00  0.0000000e+00
  0.0000000e+00  0.0000000e+00  0.0000000e+00  0.0000000e+00
  0.0000000e+00  0.0000000e+00  0.0000000e+00  0.0000000e+00
  0.0000000e+00  0.0000000e+00  0.0000000e+00  0.0000000e+00
  0.0000000e+00  0.0000000e+00  0.0000000e+00  0.0000000e+00
  0.0000000e+00  0.0000000e+00  0.0000000e+00  0.0000000e+00
  0.0000000e+00  0.0000000e+00  0.0000000e+00  0.0000000e+00
  0.0000000e+00  0.0000000e+00  0.0000000e+00  0.0000000e+00
  0.0000000e+00  0.0000000e+00  0.0000000e+00  0.0000000e+00
  0.0000000e+00  0.0000000e+00  0.0000000e+00  0.0000000e+00
  0.0000000e+00  0.0000000e+00  0.0000000e+00  0.0000000e+00
  0.0000000e+00  0.0000000e+00  0.0000000e+00  0.0000000e+00
  0.0000000e+00  0.0000000e+00  0.0000000e+00  0.0000000e+00
  0.0000000e+00  0.0000000e+00  0.0000000e+00  0.0000000e+00
  0.0000000e+00  0.0000000e+00  0.0000000e+00  0.0000000e+00
  0.0000000e+00  0.0000000e+00  0.0000000e+00  0.0000000e+00
  0.0000000e+00  0.0000000e+00  0.0000000e+00  0.0000000e+00
  0.0000000e+00  0.0000000e+00  0.0000000e+00  0.0000000e+00
  0.0000000e+00  0.0000000e+00  0.0000000e+00  0.0000000e+00
  0.0000000e+00  0.0000000e+00  0.0000000e+00  0.0000000e+00
  0.0000000e+00  0.0000000e+00  0.0000000e+00  0.0000000e+00
  0.0000000e+00  0.0000000e+00  0.0000000e+00  0.0000000e+00
  0.0000000e+00  0.0000000e+00  0.0000000e+00  0.0000000e+00
  0.0000000e+00  0.0000000e+00  0.0000000e+00  0.0000000e+00
  0.0000000e+00  0.0000000e+00  0.0000000e+00  0.0000000e+00
  0.0000000e+00  0.0000000e+00  0.0000000e+00  0.0000000e+00
  0.0000000e+00  0.0000000e+00  0.0000000e+00  0.0000000e+00
  0.0000000e+00  0.0000000e+00  0.0000000e+00  0.0000000e+00
  0.0000000e+00  0.0000000e+00  0.0000000e+00  0.0000000e+00
  0.0000000e+00  0.0000000e+00  0.0000000e+00  0.0000000e+00
  0.0000000e+00  0.0000000e+00  0.0000000e+00  0.0000000e+00
  0.0000000e+00  0.0000000e+00  0.0000000e+00  0.0000000e+00
  0.0000000e+00  0.0000000e+00  0.0000000e+00  0.0000000e+00
  0.0000000e+00  0.0000000e+00  0.0000000e+00  0.0000000e+00
  0.0000000e+00  0.0000000e+00  0.0000000e+00  0.0000000e+00
  0.0000000e+00  0.0000000e+00  0.0000000e+00  0.0000000e+00
  0.0000000e+00  0.0000000e+00  0.0000000e+00  0.0000000e+00
  0.0000000e+00  0.0000000e+00  0.0000000e+00  0.0000000e+00
  0.0000000e+00  0.0000000e+00  0.0000000e+00  0.0000000e+00
  0.0000000e+00  0.0000000e+00  0.0000000e+00  0.0000000e+00
  0.0000000e+00  0.0000000e+00  0.0000000e+00  0.0000000e+00
  0.0000000e+00  0.0000000e+00  1.0000000e+00  0.0000000e+00
  0.0000000e+00  0.0000000e+00  0.0000000e+00  0.0000000e+00
  0.0000000e+00  0.0000000e+00  0.0000000e+00  0.0000000e+00
  0.0000000e+00  0.0000000e+00  0.0000000e+00  0.0000000e+00
  0.0000000e+00  0.0000000e+00  0.0000000e+00  0.0000000e+00
  0.0000000e+00  0.0000000e+00  0.0000000e+00  0.0000000e+00
  0.0000000e+00  0.0000000e+00  0.0000000e+00  0.0000000e+00
  0.0000000e+00  0.0000000e+00  0.0000000e+00  0.0000000e+00
  0.0000000e+00  0.0000000e+00  0.0000000e+00  1.0000000e+00
  0.0000000e+00  0.0000000e+00  0.0000000e+00  0.0000000e+00
  0.0000000e+00  0.0000000e+00  0.0000000e+00  0.0000000e+00
  1.0000000e+00  1.0000000e+00  1.0000000e+00  1.0000000e+00
  1.0000000e+00  0.0000000e+00  0.0000000e+00  0.0000000e+00
  0.0000000e+00  0.0000000e+00  0.0000000e+00  0.0000000e+00
  0.0000000e+00  6.0867748e+00  6.0867748e+00  6.0867748e+00
  1.0000000e+00  1.0000000e+00 -1.0000000e+00 -1.0000000e+00
 -1.0000000e+00 -1.0000000e+00 -1.0000000e+00  1.0000000e+00
  1.0000000e+00  1.0000000e+00 -1.0000000e+00 -1.0000000e+00
 -1.0000000e+00 -1.0000000e+00 -1.0000000e+00 -1.0000000e+00
 -1.0000000e+00 -1.0000000e+00 -1.0000000e+00  0.0000000e+00
  1.0000000e+00  5.0000000e+01  2.4000000e+01  0.0000000e+00
  0.0000000e+00 -1.0000000e+00 -1.0000000e+00 -1.0000000e+00
 -1.0000000e+00 -1.0000000e+00 -1.0000000e+00 -1.0000000e+00
 -1.0000000e+00 -1.0000000e+00 -1.0000000e+00 -1.0000000e+00
 -1.0000000e+00 -1.0000000e+00 -1.0000000e+00 -1.0000000e+00
 -1.0000000e+00 -1.0000000e+00 -1.0000000e+00 -1.0000000e+00
 -1.0000000e+00 -1.0000000e+00 -1.0000000e+00 -1.0000000e+00
 -1.0000000e+00 -1.0000000e+00 -1.0000000e+00 -1.0000000e+00
 -1.0000000e+00 -1.0000000e+00 -1.0000000e+00 -1.0000000e+00
 -1.0000000e+00 -1.0000000e+00 -1.0000000e+00 -1.0000000e+00
  4.4049866e-02  4.5900714e-01  4.4049866e-02  6.0000000e+00]
[2020-07-14 06:37:43,604][nnsvs][INFO] - data max:
[  0.           1.           0.           1.           1.
   1.           1.           1.           1.           1.
   0.           1.           1.           0.           1.
   1.           0.           1.           1.           0.
   1.           1.           0.           1.           1.
   0.           1.           1.           1.           1.
   1.           0.           1.           0.           0.
   1.           0.           0.           0.           1.
   0.           0.           0.           0.           0.
   0.           0.           0.           0.           0.
   0.           0.           0.           1.           0.
   0.           0.           0.           0.           0.
   0.           0.           1.           0.           0.
   0.           0.           0.           0.           0.
   1.           0.           0.           0.           0.
   0.           1.           0.           1.           0.
   0.           0.           0.           0.           1.
   0.           1.           0.           0.           0.
   0.           0.           0.           0.           0.
   0.           1.           0.           0.           0.
   0.           1.           1.           1.           1.
   1.           0.           1.           1.           0.
   1.           1.           0.           1.           1.
   0.           1.           1.           0.           1.
   1.           0.           1.           1.           1.
   1.           1.           0.           1.           0.
   0.           1.           0.           0.           0.
   1.           0.           0.           0.           0.
   0.           0.           0.           0.           0.
   0.           0.           0.           0.           1.
   0.           0.           0.           0.           0.
   0.           0.           0.           1.           0.
   0.           0.           0.           0.           0.
   0.           1.           0.           0.           0.
   0.           0.           1.           0.           1.
   0.           0.           0.           0.           0.
   1.           0.           1.           0.           0.
   0.           0.           0.           0.           0.
   0.           0.           1.           0.           0.
   0.           0.           1.           1.           1.
   1.           1.           0.           1.           1.
   0.           1.           1.           0.           1.
   1.           0.           1.           1.           0.
   1.           1.           0.           1.           1.
   1.           1.           1.           0.           1.
   0.           0.           1.           0.           0.
   0.           1.           0.           0.           0.
   0.           0.           0.           0.           0.
   0.           0.           0.           0.           0.
   1.           0.           0.           0.           0.
   0.           0.           0.           0.           1.
   0.           0.           0.           0.           0.
   0.           0.           1.           0.           0.
   0.           0.           0.           1.           0.
   1.           0.           0.           0.           0.
   0.           1.           0.           1.           0.
   0.           0.           0.           0.           0.
   0.           0.           0.           1.           0.
   0.           0.           0.           0.           0.
   1.           0.           0.           0.           0.
   0.           0.           1.           0.           0.
   0.           0.           0.           0.           1.
   0.           0.           0.           0.           1.
   1.           0.           1.           1.           0.
   1.           1.           0.           0.           0.
   0.           0.           1.           0.           0.
   0.           0.           0.           0.           0.
   1.           0.           0.           0.           0.
   0.           0.           0.           0.           1.
   1.           1.           1.           1.           0.
   0.           0.           0.           1.           0.
   0.           0.           6.086775     6.086775     6.086775
   2.           2.          -1.           1.           2.
   1.           1.           2.           1.           1.
   2.           1.           1.           9.           0.
   1.         100.          48.           9.           0.
   1.         200.          96.           0.           0.
  -1.          -1.          -1.          -1.          -1.
  -1.          -1.          -1.          -1.          -1.
  -1.          -1.          -1.          -1.          -1.
  -1.          -1.          -1.          -1.          -1.
  -1.          -1.          -1.          -1.          -1.
  -1.          -1.          -1.          -1.          -1.
   9.           0.           1.         150.          72.
   0.99733615   0.99733615   0.99733615 394.        ]
