[2020-07-14 15:39:41,210][nnsvs][INFO] - cudnn:
  benchmark: false
  deterministic: false
data:
  batch_size: 8
  dev:
    in_dir: dump/kogare/norm/dev/in_duration/
    out_dir: dump/kogare/norm/dev/out_duration/
  num_workers: 2
  pin_memory: true
  train_no_dev:
    in_dir: dump/kogare/norm/train_no_dev/in_duration/
    out_dir: dump/kogare/norm/train_no_dev/out_duration/
model:
  has_dynamic_features:
  - false
  netG:
    class: nnsvs.model.LSTMRNN
    params:
      bidirectional: true
      dropout: 0.5
      hidden_dim: 64
      in_dim: 420
      num_layers: 2
      out_dim: 1
  stream_sizes:
  - 1
  stream_weights:
  - 1
optim:
  lr_scheduler:
    name: StepLR
    params:
      gamma: 0.5
      step_size: 20
  optimizer:
    name: Adam
    params:
      betas:
      - 0.5
      - 0.999
      lr: 0.001
      weight_decay: 0.0
resume:
  checkpoint: null
  load_optimizer: false
train:
  checkpoint_epoch_interval: 20
  nepochs: 50
  out_dir: exp/kogare/duration
  stream_wise_loss: false
verbose: 100

[2020-07-14 15:39:41,211][nnsvs][INFO] - cudnn.deterministic: False
[2020-07-14 15:39:41,211][nnsvs][INFO] - cudnn.benchmark: False
[2020-07-14 15:39:43,539][nnsvs][INFO] - torch.Size([8, 16, 420]), torch.Size([8, 16, 1]), torch.Size([8])
[2020-07-14 15:39:43,540][nnsvs][INFO] - torch.Size([8, 16, 420]), torch.Size([8, 16, 1]), torch.Size([8])
[2020-07-14 15:39:43,560][nnsvs][INFO] - torch.Size([6, 16, 420]), torch.Size([6, 16, 1]), torch.Size([6])
[2020-07-14 15:39:43,640][nnsvs][INFO] - torch.Size([1, 15, 420]), torch.Size([1, 15, 1]), torch.Size([1])
[2020-07-14 15:39:43,677][nnsvs][INFO] - Start utterance-wise training...
[2020-07-14 15:39:43,925][nnsvs][INFO] - [train_no_dev] [Epoch 1]: loss 0.9651590983072916
[2020-07-14 15:39:44,010][nnsvs][INFO] - [dev] [Epoch 1]: loss 0.9004713892936707
[2020-07-14 15:39:44,046][nnsvs][INFO] - [Best loss 0.9004713892936707: checkpoint is saved at /content/drive/Shared drives/台U/NNSVS/Training_data/Kogare/kogare_singing/00-svs-world/exp/kogare/duration/best_loss.pth
[2020-07-14 15:39:44,269][nnsvs][INFO] - [train_no_dev] [Epoch 2]: loss 0.9156673153241476
[2020-07-14 15:39:44,359][nnsvs][INFO] - [dev] [Epoch 2]: loss 0.8721596002578735
[2020-07-14 15:39:44,390][nnsvs][INFO] - [Best loss 0.8721596002578735: checkpoint is saved at /content/drive/Shared drives/台U/NNSVS/Training_data/Kogare/kogare_singing/00-svs-world/exp/kogare/duration/best_loss.pth
[2020-07-14 15:39:44,591][nnsvs][INFO] - [train_no_dev] [Epoch 3]: loss 0.8697714408238729
[2020-07-14 15:39:44,681][nnsvs][INFO] - [dev] [Epoch 3]: loss 0.807177722454071
[2020-07-14 15:39:44,711][nnsvs][INFO] - [Best loss 0.807177722454071: checkpoint is saved at /content/drive/Shared drives/台U/NNSVS/Training_data/Kogare/kogare_singing/00-svs-world/exp/kogare/duration/best_loss.pth
[2020-07-14 15:39:44,916][nnsvs][INFO] - [train_no_dev] [Epoch 4]: loss 0.8082290490468343
[2020-07-14 15:39:45,011][nnsvs][INFO] - [dev] [Epoch 4]: loss 0.8146857023239136
[2020-07-14 15:39:45,319][nnsvs][INFO] - [train_no_dev] [Epoch 5]: loss 0.7457948327064514
[2020-07-14 15:39:45,410][nnsvs][INFO] - [dev] [Epoch 5]: loss 0.6413150429725647
[2020-07-14 15:39:45,440][nnsvs][INFO] - [Best loss 0.6413150429725647: checkpoint is saved at /content/drive/Shared drives/台U/NNSVS/Training_data/Kogare/kogare_singing/00-svs-world/exp/kogare/duration/best_loss.pth
[2020-07-14 15:39:45,650][nnsvs][INFO] - [train_no_dev] [Epoch 6]: loss 0.6047152082125345
[2020-07-14 15:39:45,739][nnsvs][INFO] - [dev] [Epoch 6]: loss 0.4933640956878662
[2020-07-14 15:39:45,772][nnsvs][INFO] - [Best loss 0.4933640956878662: checkpoint is saved at /content/drive/Shared drives/台U/NNSVS/Training_data/Kogare/kogare_singing/00-svs-world/exp/kogare/duration/best_loss.pth
[2020-07-14 15:39:45,989][nnsvs][INFO] - [train_no_dev] [Epoch 7]: loss 0.5261686742305756
[2020-07-14 15:39:46,076][nnsvs][INFO] - [dev] [Epoch 7]: loss 0.3776555359363556
[2020-07-14 15:39:46,109][nnsvs][INFO] - [Best loss 0.3776555359363556: checkpoint is saved at /content/drive/Shared drives/台U/NNSVS/Training_data/Kogare/kogare_singing/00-svs-world/exp/kogare/duration/best_loss.pth
[2020-07-14 15:39:46,328][nnsvs][INFO] - [train_no_dev] [Epoch 8]: loss 0.40044984221458435
[2020-07-14 15:39:46,417][nnsvs][INFO] - [dev] [Epoch 8]: loss 0.4324975609779358
[2020-07-14 15:39:46,624][nnsvs][INFO] - [train_no_dev] [Epoch 9]: loss 0.37131552894910175
[2020-07-14 15:39:46,718][nnsvs][INFO] - [dev] [Epoch 9]: loss 0.27648335695266724
[2020-07-14 15:39:46,755][nnsvs][INFO] - [Best loss 0.27648335695266724: checkpoint is saved at /content/drive/Shared drives/台U/NNSVS/Training_data/Kogare/kogare_singing/00-svs-world/exp/kogare/duration/best_loss.pth
[2020-07-14 15:39:46,972][nnsvs][INFO] - [train_no_dev] [Epoch 10]: loss 0.2777931292851766
[2020-07-14 15:39:47,062][nnsvs][INFO] - [dev] [Epoch 10]: loss 0.16507354378700256
[2020-07-14 15:39:47,092][nnsvs][INFO] - [Best loss 0.16507354378700256: checkpoint is saved at /content/drive/Shared drives/台U/NNSVS/Training_data/Kogare/kogare_singing/00-svs-world/exp/kogare/duration/best_loss.pth
[2020-07-14 15:39:47,337][nnsvs][INFO] - [train_no_dev] [Epoch 11]: loss 0.23703218499819437
[2020-07-14 15:39:47,423][nnsvs][INFO] - [dev] [Epoch 11]: loss 0.1222909688949585
[2020-07-14 15:39:47,453][nnsvs][INFO] - [Best loss 0.1222909688949585: checkpoint is saved at /content/drive/Shared drives/台U/NNSVS/Training_data/Kogare/kogare_singing/00-svs-world/exp/kogare/duration/best_loss.pth
[2020-07-14 15:39:47,682][nnsvs][INFO] - [train_no_dev] [Epoch 12]: loss 0.19943180680274963
[2020-07-14 15:39:47,776][nnsvs][INFO] - [dev] [Epoch 12]: loss 0.1013956069946289
[2020-07-14 15:39:47,806][nnsvs][INFO] - [Best loss 0.1013956069946289: checkpoint is saved at /content/drive/Shared drives/台U/NNSVS/Training_data/Kogare/kogare_singing/00-svs-world/exp/kogare/duration/best_loss.pth
[2020-07-14 15:39:48,017][nnsvs][INFO] - [train_no_dev] [Epoch 13]: loss 0.16641498605410257
[2020-07-14 15:39:48,110][nnsvs][INFO] - [dev] [Epoch 13]: loss 0.07173876464366913
[2020-07-14 15:39:48,146][nnsvs][INFO] - [Best loss 0.07173876464366913: checkpoint is saved at /content/drive/Shared drives/台U/NNSVS/Training_data/Kogare/kogare_singing/00-svs-world/exp/kogare/duration/best_loss.pth
[2020-07-14 15:39:48,361][nnsvs][INFO] - [train_no_dev] [Epoch 14]: loss 0.12435809522867203
[2020-07-14 15:39:48,444][nnsvs][INFO] - [dev] [Epoch 14]: loss 0.04964561387896538
[2020-07-14 15:39:48,475][nnsvs][INFO] - [Best loss 0.04964561387896538: checkpoint is saved at /content/drive/Shared drives/台U/NNSVS/Training_data/Kogare/kogare_singing/00-svs-world/exp/kogare/duration/best_loss.pth
[2020-07-14 15:39:48,701][nnsvs][INFO] - [train_no_dev] [Epoch 15]: loss 0.1180602138241132
[2020-07-14 15:39:48,788][nnsvs][INFO] - [dev] [Epoch 15]: loss 0.03216300904750824
[2020-07-14 15:39:48,817][nnsvs][INFO] - [Best loss 0.03216300904750824: checkpoint is saved at /content/drive/Shared drives/台U/NNSVS/Training_data/Kogare/kogare_singing/00-svs-world/exp/kogare/duration/best_loss.pth
[2020-07-14 15:39:49,127][nnsvs][INFO] - [train_no_dev] [Epoch 16]: loss 0.08626185605923335
[2020-07-14 15:39:49,217][nnsvs][INFO] - [dev] [Epoch 16]: loss 0.024674274027347565
[2020-07-14 15:39:49,250][nnsvs][INFO] - [Best loss 0.024674274027347565: checkpoint is saved at /content/drive/Shared drives/台U/NNSVS/Training_data/Kogare/kogare_singing/00-svs-world/exp/kogare/duration/best_loss.pth
[2020-07-14 15:39:49,467][nnsvs][INFO] - [train_no_dev] [Epoch 17]: loss 0.07632026821374893
[2020-07-14 15:39:49,554][nnsvs][INFO] - [dev] [Epoch 17]: loss 0.04225103184580803
[2020-07-14 15:39:49,744][nnsvs][INFO] - [train_no_dev] [Epoch 18]: loss 0.0814339853823185
[2020-07-14 15:39:49,837][nnsvs][INFO] - [dev] [Epoch 18]: loss 0.012840933166444302
[2020-07-14 15:39:49,879][nnsvs][INFO] - [Best loss 0.012840933166444302: checkpoint is saved at /content/drive/Shared drives/台U/NNSVS/Training_data/Kogare/kogare_singing/00-svs-world/exp/kogare/duration/best_loss.pth
[2020-07-14 15:39:50,109][nnsvs][INFO] - [train_no_dev] [Epoch 19]: loss 0.05587389568487803
[2020-07-14 15:39:50,193][nnsvs][INFO] - [dev] [Epoch 19]: loss 0.02624513953924179
[2020-07-14 15:39:50,410][nnsvs][INFO] - [train_no_dev] [Epoch 20]: loss 0.053955335170030594
[2020-07-14 15:39:50,491][nnsvs][INFO] - [dev] [Epoch 20]: loss 0.015158341266214848
[2020-07-14 15:39:50,522][nnsvs][INFO] - Checkpoint is saved at /content/drive/Shared drives/台U/NNSVS/Training_data/Kogare/kogare_singing/00-svs-world/exp/kogare/duration/checkpoint_epoch0020.pth
[2020-07-14 15:39:50,765][nnsvs][INFO] - [train_no_dev] [Epoch 21]: loss 0.040133546416958175
[2020-07-14 15:39:50,852][nnsvs][INFO] - [dev] [Epoch 21]: loss 0.005274294875562191
[2020-07-14 15:39:50,885][nnsvs][INFO] - [Best loss 0.005274294875562191: checkpoint is saved at /content/drive/Shared drives/台U/NNSVS/Training_data/Kogare/kogare_singing/00-svs-world/exp/kogare/duration/best_loss.pth
[2020-07-14 15:39:51,103][nnsvs][INFO] - [train_no_dev] [Epoch 22]: loss 0.04589328666528066
[2020-07-14 15:39:51,186][nnsvs][INFO] - [dev] [Epoch 22]: loss 0.005276336334645748
[2020-07-14 15:39:51,426][nnsvs][INFO] - [train_no_dev] [Epoch 23]: loss 0.03973258410890897
[2020-07-14 15:39:51,520][nnsvs][INFO] - [dev] [Epoch 23]: loss 0.005260305013507605
[2020-07-14 15:39:51,551][nnsvs][INFO] - [Best loss 0.005260305013507605: checkpoint is saved at /content/drive/Shared drives/台U/NNSVS/Training_data/Kogare/kogare_singing/00-svs-world/exp/kogare/duration/best_loss.pth
[2020-07-14 15:39:51,780][nnsvs][INFO] - [train_no_dev] [Epoch 24]: loss 0.03580989378194014
[2020-07-14 15:39:51,871][nnsvs][INFO] - [dev] [Epoch 24]: loss 0.005063444375991821
[2020-07-14 15:39:51,903][nnsvs][INFO] - [Best loss 0.005063444375991821: checkpoint is saved at /content/drive/Shared drives/台U/NNSVS/Training_data/Kogare/kogare_singing/00-svs-world/exp/kogare/duration/best_loss.pth
[2020-07-14 15:39:52,117][nnsvs][INFO] - [train_no_dev] [Epoch 25]: loss 0.04021670420964559
[2020-07-14 15:39:52,207][nnsvs][INFO] - [dev] [Epoch 25]: loss 0.0037861403543502092
[2020-07-14 15:39:52,242][nnsvs][INFO] - [Best loss 0.0037861403543502092: checkpoint is saved at /content/drive/Shared drives/台U/NNSVS/Training_data/Kogare/kogare_singing/00-svs-world/exp/kogare/duration/best_loss.pth
[2020-07-14 15:39:52,453][nnsvs][INFO] - [train_no_dev] [Epoch 26]: loss 0.04260411982734998
[2020-07-14 15:39:52,536][nnsvs][INFO] - [dev] [Epoch 26]: loss 0.004926933441311121
[2020-07-14 15:39:52,731][nnsvs][INFO] - [train_no_dev] [Epoch 27]: loss 0.03469851426780224
[2020-07-14 15:39:52,826][nnsvs][INFO] - [dev] [Epoch 27]: loss 0.007007421925663948
[2020-07-14 15:39:53,030][nnsvs][INFO] - [train_no_dev] [Epoch 28]: loss 0.031998032703995705
[2020-07-14 15:39:53,123][nnsvs][INFO] - [dev] [Epoch 28]: loss 0.006482401862740517
[2020-07-14 15:39:53,324][nnsvs][INFO] - [train_no_dev] [Epoch 29]: loss 0.03210969207187494
[2020-07-14 15:39:53,560][nnsvs][INFO] - [dev] [Epoch 29]: loss 0.00437666242942214
[2020-07-14 15:39:53,763][nnsvs][INFO] - [train_no_dev] [Epoch 30]: loss 0.03171790080765883
[2020-07-14 15:39:53,857][nnsvs][INFO] - [dev] [Epoch 30]: loss 0.005883549805730581
[2020-07-14 15:39:54,070][nnsvs][INFO] - [train_no_dev] [Epoch 31]: loss 0.028553431853652
[2020-07-14 15:39:54,160][nnsvs][INFO] - [dev] [Epoch 31]: loss 0.003938799258321524
[2020-07-14 15:39:54,354][nnsvs][INFO] - [train_no_dev] [Epoch 32]: loss 0.03407938592135906
[2020-07-14 15:39:54,455][nnsvs][INFO] - [dev] [Epoch 32]: loss 0.005850764457136393
[2020-07-14 15:39:54,653][nnsvs][INFO] - [train_no_dev] [Epoch 33]: loss 0.029205641398827236
[2020-07-14 15:39:54,739][nnsvs][INFO] - [dev] [Epoch 33]: loss 0.004436185583472252
[2020-07-14 15:39:54,935][nnsvs][INFO] - [train_no_dev] [Epoch 34]: loss 0.02678602561354637
[2020-07-14 15:39:55,023][nnsvs][INFO] - [dev] [Epoch 34]: loss 0.005769807379692793
[2020-07-14 15:39:55,225][nnsvs][INFO] - [train_no_dev] [Epoch 35]: loss 0.029870261748631794
[2020-07-14 15:39:55,324][nnsvs][INFO] - [dev] [Epoch 35]: loss 0.0063084266148507595
[2020-07-14 15:39:55,538][nnsvs][INFO] - [train_no_dev] [Epoch 36]: loss 0.02849926861623923
[2020-07-14 15:39:55,625][nnsvs][INFO] - [dev] [Epoch 36]: loss 0.004914718214422464
[2020-07-14 15:39:55,828][nnsvs][INFO] - [train_no_dev] [Epoch 37]: loss 0.0283741553624471
[2020-07-14 15:39:55,917][nnsvs][INFO] - [dev] [Epoch 37]: loss 0.0045550973154604435
[2020-07-14 15:39:56,168][nnsvs][INFO] - [train_no_dev] [Epoch 38]: loss 0.02221115119755268
[2020-07-14 15:39:56,257][nnsvs][INFO] - [dev] [Epoch 38]: loss 0.005360581912100315
[2020-07-14 15:39:56,459][nnsvs][INFO] - [train_no_dev] [Epoch 39]: loss 0.03330801551540693
[2020-07-14 15:39:56,554][nnsvs][INFO] - [dev] [Epoch 39]: loss 0.0038935786578804255
[2020-07-14 15:39:56,770][nnsvs][INFO] - [train_no_dev] [Epoch 40]: loss 0.03261979731420676
[2020-07-14 15:39:56,857][nnsvs][INFO] - [dev] [Epoch 40]: loss 0.008428546600043774
[2020-07-14 15:39:56,892][nnsvs][INFO] - Checkpoint is saved at /content/drive/Shared drives/台U/NNSVS/Training_data/Kogare/kogare_singing/00-svs-world/exp/kogare/duration/checkpoint_epoch0040.pth
[2020-07-14 15:39:57,152][nnsvs][INFO] - [train_no_dev] [Epoch 41]: loss 0.027523628746469814
[2020-07-14 15:39:57,238][nnsvs][INFO] - [dev] [Epoch 41]: loss 0.006280345842242241
[2020-07-14 15:39:57,448][nnsvs][INFO] - [train_no_dev] [Epoch 42]: loss 0.02611474134027958
[2020-07-14 15:39:57,545][nnsvs][INFO] - [dev] [Epoch 42]: loss 0.005375886335968971
[2020-07-14 15:39:57,749][nnsvs][INFO] - [train_no_dev] [Epoch 43]: loss 0.02409433883925279
[2020-07-14 15:39:57,839][nnsvs][INFO] - [dev] [Epoch 43]: loss 0.004939219448715448
[2020-07-14 15:39:58,043][nnsvs][INFO] - [train_no_dev] [Epoch 44]: loss 0.023823922500014305
[2020-07-14 15:39:58,128][nnsvs][INFO] - [dev] [Epoch 44]: loss 0.005010171793401241
[2020-07-14 15:39:58,335][nnsvs][INFO] - [train_no_dev] [Epoch 45]: loss 0.028701606517036755
[2020-07-14 15:39:58,423][nnsvs][INFO] - [dev] [Epoch 45]: loss 0.004867435898631811
[2020-07-14 15:39:58,642][nnsvs][INFO] - [train_no_dev] [Epoch 46]: loss 0.030284695327281952
[2020-07-14 15:39:58,729][nnsvs][INFO] - [dev] [Epoch 46]: loss 0.005264986772090197
[2020-07-14 15:39:58,935][nnsvs][INFO] - [train_no_dev] [Epoch 47]: loss 0.02400750977297624
[2020-07-14 15:39:59,025][nnsvs][INFO] - [dev] [Epoch 47]: loss 0.005497651640325785
[2020-07-14 15:39:59,242][nnsvs][INFO] - [train_no_dev] [Epoch 48]: loss 0.022253641858696938
[2020-07-14 15:39:59,330][nnsvs][INFO] - [dev] [Epoch 48]: loss 0.004497107118368149
[2020-07-14 15:39:59,532][nnsvs][INFO] - [train_no_dev] [Epoch 49]: loss 0.021673481911420822
[2020-07-14 15:39:59,631][nnsvs][INFO] - [dev] [Epoch 49]: loss 0.004957359284162521
[2020-07-14 15:39:59,840][nnsvs][INFO] - [train_no_dev] [Epoch 50]: loss 0.02393189196785291
[2020-07-14 15:39:59,936][nnsvs][INFO] - [dev] [Epoch 50]: loss 0.004703945945948362
[2020-07-14 15:39:59,970][nnsvs][INFO] - Checkpoint is saved at /content/drive/Shared drives/台U/NNSVS/Training_data/Kogare/kogare_singing/00-svs-world/exp/kogare/duration/checkpoint_epoch0050.pth
[2020-07-14 15:40:00,008][nnsvs][INFO] - The best loss was 0.0037861403543502092
