[2020-07-14 06:37:31,271][nnsvs][INFO] - acoustic:
  enabled: true
  f0_ceil: 650
  f0_floor: 90
  frame_period: 5
  interp_unvoiced_aperiodicity: true
  label_dir: data/acoustic/label_phone_align
  mgc_order: 59
  num_windows: 3
  question_path: null
  relative_f0: true
  subphone_features: coarse_coding
  use_harvest: true
  wav_dir: data/acoustic/wav
duration:
  enabled: true
  label_dir: data/duration/label_phone_align
  question_path: null
log_f0_conditioning: true
out_dir: dump/kogare/org/dev/
question_path: ./conf/jp_qst001_nnsvs.hed
timelag:
  enabled: true
  label_phone_align_dir: data/timelag/label_phone_align
  label_phone_score_dir: data/timelag/label_phone_score
  question_path: null
utt_list: data/list/dev.list
verbose: 100

[2020-07-14 06:37:31,342][nnsvs][INFO] - mkdirs: /content/drive/Shared drives/台U/NNSVS/Training_data/Kogare/kogare_singing/00-svs-world/dump/kogare/org/dev/in_timelag
[2020-07-14 06:37:31,349][nnsvs][INFO] - mkdirs: /content/drive/Shared drives/台U/NNSVS/Training_data/Kogare/kogare_singing/00-svs-world/dump/kogare/org/dev/out_timelag
[2020-07-14 06:37:31,354][nnsvs][INFO] - mkdirs: /content/drive/Shared drives/台U/NNSVS/Training_data/Kogare/kogare_singing/00-svs-world/dump/kogare/org/dev/in_duration
[2020-07-14 06:37:31,358][nnsvs][INFO] - mkdirs: /content/drive/Shared drives/台U/NNSVS/Training_data/Kogare/kogare_singing/00-svs-world/dump/kogare/org/dev/out_duration
[2020-07-14 06:37:31,361][nnsvs][INFO] - mkdirs: /content/drive/Shared drives/台U/NNSVS/Training_data/Kogare/kogare_singing/00-svs-world/dump/kogare/org/dev/in_acoustic
[2020-07-14 06:37:31,364][nnsvs][INFO] - mkdirs: /content/drive/Shared drives/台U/NNSVS/Training_data/Kogare/kogare_singing/00-svs-world/dump/kogare/org/dev/out_acoustic
[2020-07-14 06:37:31,374][nnsvs][INFO] - Timelag linguistic feature dim: 420
[2020-07-14 06:37:31,378][nnsvs][INFO] - Timelag feature dim: 1
[2020-07-14 06:37:31,417][nnsvs][INFO] - Duration linguistic feature dim: 420
[2020-07-14 06:37:31,419][nnsvs][INFO] - Duration feature dim: 1
[2020-07-14 06:37:31,467][nnsvs][INFO] - Acoustic linguistic feature dim: 424
[2020-07-14 06:37:32,882][nnsvs][INFO] - Acoustic feature dim: 199
