[2020-07-14 06:37:23,993][nnsvs][INFO] - acoustic:
  enabled: true
  f0_ceil: 650
  f0_floor: 90
  frame_period: 5
  interp_unvoiced_aperiodicity: true
  label_dir: data/acoustic/label_phone_align
  mgc_order: 59
  num_windows: 3
  question_path: null
  relative_f0: true
  subphone_features: coarse_coding
  use_harvest: true
  wav_dir: data/acoustic/wav
duration:
  enabled: true
  label_dir: data/duration/label_phone_align
  question_path: null
log_f0_conditioning: true
out_dir: dump/kogare/org/train_no_dev/
question_path: ./conf/jp_qst001_nnsvs.hed
timelag:
  enabled: true
  label_phone_align_dir: data/timelag/label_phone_align
  label_phone_score_dir: data/timelag/label_phone_score
  question_path: null
utt_list: data/list/train_no_dev.list
verbose: 100

[2020-07-14 06:37:24,661][nnsvs][INFO] - mkdirs: /content/drive/Shared drives/台U/NNSVS/Training_data/Kogare/kogare_singing/00-svs-world/dump/kogare/org/train_no_dev/in_timelag
[2020-07-14 06:37:24,677][nnsvs][INFO] - mkdirs: /content/drive/Shared drives/台U/NNSVS/Training_data/Kogare/kogare_singing/00-svs-world/dump/kogare/org/train_no_dev/out_timelag
[2020-07-14 06:37:24,681][nnsvs][INFO] - mkdirs: /content/drive/Shared drives/台U/NNSVS/Training_data/Kogare/kogare_singing/00-svs-world/dump/kogare/org/train_no_dev/in_duration
[2020-07-14 06:37:24,684][nnsvs][INFO] - mkdirs: /content/drive/Shared drives/台U/NNSVS/Training_data/Kogare/kogare_singing/00-svs-world/dump/kogare/org/train_no_dev/out_duration
[2020-07-14 06:37:24,688][nnsvs][INFO] - mkdirs: /content/drive/Shared drives/台U/NNSVS/Training_data/Kogare/kogare_singing/00-svs-world/dump/kogare/org/train_no_dev/in_acoustic
[2020-07-14 06:37:24,691][nnsvs][INFO] - mkdirs: /content/drive/Shared drives/台U/NNSVS/Training_data/Kogare/kogare_singing/00-svs-world/dump/kogare/org/train_no_dev/out_acoustic
[2020-07-14 06:37:24,700][nnsvs][INFO] - Timelag linguistic feature dim: 420
[2020-07-14 06:37:24,704][nnsvs][INFO] - Timelag feature dim: 1
[2020-07-14 06:37:24,765][nnsvs][INFO] - Duration linguistic feature dim: 420
[2020-07-14 06:37:24,767][nnsvs][INFO] - Duration feature dim: 1
[2020-07-14 06:37:24,844][nnsvs][INFO] - Acoustic linguistic feature dim: 424
[2020-07-14 06:37:26,237][nnsvs][INFO] - Acoustic feature dim: 199
