[2020-07-14 11:00:47,482][nnsvs][INFO] - list_path: train_list.txt
out_path: dump/kogare/org/in_duration_scaler.joblib
scaler:
  class: sklearn.preprocessing.MinMaxScaler
  params: {}
verbose: 100

[2020-07-14 11:00:47,685][nnsvs][INFO] - data min:
[ 0.         0.         0.         0.         0.         0.
  0.         0.         0.         0.         0.         0.
  0.         0.         0.         0.         0.         0.
  0.         0.         0.         0.         0.         0.
  0.         0.         0.         0.         0.         0.
  0.         0.         0.         0.         0.         0.
  0.         0.         0.         0.         0.         0.
  0.         0.         0.         0.         0.         0.
  0.         0.         0.         0.         0.         0.
  0.         0.         0.         0.         0.         0.
  0.         0.         0.         0.         0.         0.
  0.         0.         0.         0.         0.         0.
  0.         0.         0.         0.         0.         0.
  0.         0.         0.         0.         0.         0.
  0.         0.         0.         0.         0.         0.
  0.         0.         0.         0.         0.         0.
  0.         0.         0.         0.         0.         0.
  0.         0.         0.         0.         0.         0.
  0.         0.         0.         0.         0.         0.
  0.         0.         0.         0.         0.         0.
  0.         0.         0.         0.         0.         0.
  0.         0.         0.         0.         0.         0.
  0.         0.         0.         0.         0.         0.
  0.         0.         0.         0.         0.         0.
  0.         0.         0.         0.         0.         0.
  0.         0.         0.         0.         0.         0.
  0.         0.         0.         0.         0.         0.
  0.         0.         0.         0.         0.         0.
  0.         0.         0.         0.         0.         0.
  0.         0.         0.         0.         0.         0.
  0.         0.         0.         0.         0.         0.
  0.         0.         0.         0.         0.         0.
  0.         0.         0.         0.         0.         0.
  0.         0.         0.         0.         0.         0.
  0.         0.         0.         0.         0.         0.
  0.         0.         0.         0.         0.         0.
  0.         0.         0.         0.         0.         0.
  0.         0.         0.         0.         0.         0.
  0.         0.         0.         0.         0.         0.
  0.         0.         0.         0.         0.         0.
  0.         0.         0.         0.         0.         0.
  0.         0.         0.         0.         0.         0.
  0.         0.         0.         0.         0.         0.
  0.         0.         0.         0.         0.         0.
  0.         0.         0.         0.         0.         0.
  0.         0.         0.         0.         0.         0.
  0.         0.         0.         0.         0.         0.
  0.         0.         0.         0.         0.         0.
  0.         0.         0.         0.         0.         0.
  0.         0.         0.         0.         0.         0.
  0.         0.         1.         0.         0.         0.
  0.         0.         0.         0.         0.         0.
  0.         0.         0.         0.         0.         0.
  0.         0.         0.         0.         0.         0.
  0.         0.         0.         0.         0.         0.
  0.         0.         0.         0.         0.         1.
  0.         0.         0.         0.         0.         0.
  0.         0.         1.         1.         1.         1.
  1.         0.         0.         0.         0.         0.
  0.         0.         0.         6.0290127  6.0290127  6.0290127
  1.         1.        -1.        -1.        -1.        -1.
 -1.         1.         1.         1.        -1.        -1.
 -1.        -1.        -1.        -1.        -1.        -1.
 -1.         0.         1.        20.         9.         0.
  0.        -1.        -1.        -1.        -1.        -1.
 -1.        -1.        -1.        -1.        -1.        -1.
 -1.        -1.        -1.        -1.        -1.        -1.
 -1.        -1.        -1.        -1.        -1.        -1.
 -1.        -1.        -1.        -1.        -1.        -1.
 -1.        -1.        -1.        -1.        -1.        -1.       ]
[2020-07-14 11:00:47,689][nnsvs][INFO] - data max:
[  0.         1.         0.         1.         1.         1.
   1.         1.         1.         1.         0.         1.
   1.         0.         1.         1.         0.         1.
   1.         0.         1.         1.         0.         1.
   1.         0.         1.         1.         1.         1.
   1.         1.         1.         1.         1.         1.
   0.         0.         0.         1.         1.         0.
   0.         1.         0.         0.         1.         0.
   0.         0.         0.         0.         0.         1.
   0.         0.         0.         0.         0.         1.
   0.         0.         1.         0.         0.         0.
   0.         0.         0.         0.         1.         0.
   0.         0.         0.         0.         1.         0.
   1.         0.         1.         0.         0.         0.
   1.         0.         1.         0.         0.         0.
   0.         0.         0.         0.         0.         0.
   1.         0.         0.         0.         0.         1.
   1.         1.         1.         1.         0.         1.
   1.         0.         1.         1.         0.         1.
   1.         0.         1.         1.         0.         1.
   1.         0.         1.         1.         1.         1.
   1.         1.         1.         1.         1.         1.
   0.         0.         0.         1.         1.         0.
   0.         1.         0.         0.         1.         0.
   0.         0.         0.         0.         0.         1.
   0.         0.         0.         0.         0.         1.
   0.         0.         1.         0.         0.         0.
   0.         0.         0.         0.         1.         0.
   0.         0.         0.         0.         1.         0.
   1.         0.         1.         0.         0.         0.
   1.         0.         1.         0.         0.         0.
   0.         0.         0.         0.         0.         0.
   1.         0.         0.         0.         0.         1.
   1.         1.         1.         1.         0.         1.
   1.         0.         1.         1.         0.         1.
   1.         0.         1.         1.         0.         1.
   1.         0.         1.         1.         1.         1.
   1.         1.         1.         1.         1.         1.
   0.         0.         0.         1.         1.         0.
   0.         1.         0.         0.         1.         0.
   0.         0.         0.         0.         0.         1.
   0.         0.         0.         0.         0.         1.
   0.         0.         1.         0.         0.         0.
   0.         0.         0.         0.         1.         0.
   0.         0.         0.         0.         1.         0.
   1.         0.         1.         0.         0.         0.
   1.         0.         1.         0.         0.         0.
   0.         0.         0.         0.         0.         0.
   1.         0.         0.         0.         0.         0.
   0.         1.         0.         0.         0.         0.
   0.         0.         1.         0.         0.         0.
   0.         0.         0.         1.         0.         0.
   0.         0.         1.         1.         0.         1.
   1.         0.         1.         1.         0.         0.
   0.         0.         0.         1.         0.         0.
   0.         0.         0.         0.         0.         1.
   0.         0.         0.         0.         0.         0.
   0.         0.         1.         1.         1.         1.
   1.         0.         0.         0.         0.         1.
   0.         0.         0.         6.086775   6.086775   6.086775
   2.         2.        -1.         1.         2.         1.
   1.         2.         1.         1.         2.         1.
   1.         9.         0.         1.       150.        72.
   9.         0.         1.       200.        96.         0.
   0.        -1.        -1.        -1.        -1.        -1.
  -1.         4.         1.        20.         5.        96.
  24.        -1.        -1.        -1.        -1.        -1.
  -1.        -1.        -1.        -1.        -1.        -1.
  -1.        -1.        -1.        -1.        -1.        -1.
  -1.         9.         0.         1.       183.        88.      ]
