[2020-07-24 12:24:22,819][nnsvs][INFO] - cudnn:
  benchmark: false
  deterministic: false
data:
  batch_size: 8
  dev:
    in_dir: dump/kogare/norm/dev/in_duration/
    out_dir: dump/kogare/norm/dev/out_duration/
  num_workers: 2
  pin_memory: true
  train_no_dev:
    in_dir: dump/kogare/norm/train_no_dev/in_duration/
    out_dir: dump/kogare/norm/train_no_dev/out_duration/
model:
  has_dynamic_features:
  - false
  netG:
    class: nnsvs.model.LSTMRNN
    params:
      bidirectional: true
      dropout: 0.5
      hidden_dim: 64
      in_dim: 420
      num_layers: 2
      out_dim: 1
  stream_sizes:
  - 1
  stream_weights:
  - 1
optim:
  lr_scheduler:
    name: StepLR
    params:
      gamma: 0.5
      step_size: 20
  optimizer:
    name: Adam
    params:
      betas:
      - 0.5
      - 0.999
      lr: 0.001
      weight_decay: 0.0
resume:
  checkpoint: null
  load_optimizer: false
train:
  checkpoint_epoch_interval: 20
  nepochs: 50
  out_dir: exp/kogare/duration
  stream_wise_loss: false
verbose: 100

[2020-07-24 12:24:22,820][nnsvs][INFO] - cudnn.deterministic: False
[2020-07-24 12:24:22,821][nnsvs][INFO] - cudnn.benchmark: False
[2020-07-24 12:24:37,989][nnsvs][INFO] - torch.Size([8, 16, 420]), torch.Size([8, 16, 1]), torch.Size([8])
[2020-07-24 12:24:37,990][nnsvs][INFO] - torch.Size([8, 16, 420]), torch.Size([8, 16, 1]), torch.Size([8])
[2020-07-24 12:24:50,088][nnsvs][INFO] - torch.Size([8, 16, 420]), torch.Size([8, 16, 1]), torch.Size([8])
[2020-07-24 12:24:50,088][nnsvs][INFO] - torch.Size([8, 16, 420]), torch.Size([8, 16, 1]), torch.Size([8])
[2020-07-24 12:25:00,976][nnsvs][INFO] - torch.Size([8, 16, 420]), torch.Size([8, 16, 1]), torch.Size([8])
[2020-07-24 12:25:00,976][nnsvs][INFO] - torch.Size([2, 16, 420]), torch.Size([2, 16, 1]), torch.Size([2])
[2020-07-24 12:25:02,098][nnsvs][INFO] - torch.Size([1, 15, 420]), torch.Size([1, 15, 1]), torch.Size([1])
[2020-07-24 12:25:02,680][nnsvs][INFO] - Start utterance-wise training...
[2020-07-24 12:25:02,999][nnsvs][INFO] - [train_no_dev] [Epoch 1]: loss 0.9625821510950724
[2020-07-24 12:25:03,075][nnsvs][INFO] - [dev] [Epoch 1]: loss 0.9502958059310913
[2020-07-24 12:25:04,220][nnsvs][INFO] - [Best loss 0.9502958059310913: checkpoint is saved at /content/drive/Shared drives/台U/NNSVS/Training_data/Kogare/kogare_singing/00-svs-world/exp/kogare/duration/best_loss.pth
[2020-07-24 12:25:04,516][nnsvs][INFO] - [train_no_dev] [Epoch 2]: loss 0.8741719822088877
[2020-07-24 12:25:04,594][nnsvs][INFO] - [dev] [Epoch 2]: loss 0.8112011551856995
[2020-07-24 12:25:04,623][nnsvs][INFO] - [Best loss 0.8112011551856995: checkpoint is saved at /content/drive/Shared drives/台U/NNSVS/Training_data/Kogare/kogare_singing/00-svs-world/exp/kogare/duration/best_loss.pth
[2020-07-24 12:25:04,915][nnsvs][INFO] - [train_no_dev] [Epoch 3]: loss 0.7222271660963694
[2020-07-24 12:25:04,990][nnsvs][INFO] - [dev] [Epoch 3]: loss 0.5455806851387024
[2020-07-24 12:25:05,023][nnsvs][INFO] - [Best loss 0.5455806851387024: checkpoint is saved at /content/drive/Shared drives/台U/NNSVS/Training_data/Kogare/kogare_singing/00-svs-world/exp/kogare/duration/best_loss.pth
[2020-07-24 12:25:05,311][nnsvs][INFO] - [train_no_dev] [Epoch 4]: loss 0.4835702528556188
[2020-07-24 12:25:05,392][nnsvs][INFO] - [dev] [Epoch 4]: loss 0.2893313765525818
[2020-07-24 12:25:05,423][nnsvs][INFO] - [Best loss 0.2893313765525818: checkpoint is saved at /content/drive/Shared drives/台U/NNSVS/Training_data/Kogare/kogare_singing/00-svs-world/exp/kogare/duration/best_loss.pth
[2020-07-24 12:25:05,713][nnsvs][INFO] - [train_no_dev] [Epoch 5]: loss 0.38542667031288147
[2020-07-24 12:25:05,793][nnsvs][INFO] - [dev] [Epoch 5]: loss 0.20448246598243713
[2020-07-24 12:25:05,826][nnsvs][INFO] - [Best loss 0.20448246598243713: checkpoint is saved at /content/drive/Shared drives/台U/NNSVS/Training_data/Kogare/kogare_singing/00-svs-world/exp/kogare/duration/best_loss.pth
[2020-07-24 12:25:06,132][nnsvs][INFO] - [train_no_dev] [Epoch 6]: loss 0.25810424238443375
[2020-07-24 12:25:06,214][nnsvs][INFO] - [dev] [Epoch 6]: loss 0.11669915914535522
[2020-07-24 12:25:06,244][nnsvs][INFO] - [Best loss 0.11669915914535522: checkpoint is saved at /content/drive/Shared drives/台U/NNSVS/Training_data/Kogare/kogare_singing/00-svs-world/exp/kogare/duration/best_loss.pth
[2020-07-24 12:25:06,527][nnsvs][INFO] - [train_no_dev] [Epoch 7]: loss 0.16828847924868265
[2020-07-24 12:25:06,602][nnsvs][INFO] - [dev] [Epoch 7]: loss 0.059250716120004654
[2020-07-24 12:25:06,635][nnsvs][INFO] - [Best loss 0.059250716120004654: checkpoint is saved at /content/drive/Shared drives/台U/NNSVS/Training_data/Kogare/kogare_singing/00-svs-world/exp/kogare/duration/best_loss.pth
[2020-07-24 12:25:06,940][nnsvs][INFO] - [train_no_dev] [Epoch 8]: loss 0.11177785818775494
[2020-07-24 12:25:07,018][nnsvs][INFO] - [dev] [Epoch 8]: loss 0.03238096833229065
[2020-07-24 12:25:07,237][nnsvs][INFO] - [Best loss 0.03238096833229065: checkpoint is saved at /content/drive/Shared drives/台U/NNSVS/Training_data/Kogare/kogare_singing/00-svs-world/exp/kogare/duration/best_loss.pth
[2020-07-24 12:25:07,558][nnsvs][INFO] - [train_no_dev] [Epoch 9]: loss 0.0763690434396267
[2020-07-24 12:25:07,632][nnsvs][INFO] - [dev] [Epoch 9]: loss 0.017342310398817062
[2020-07-24 12:25:07,664][nnsvs][INFO] - [Best loss 0.017342310398817062: checkpoint is saved at /content/drive/Shared drives/台U/NNSVS/Training_data/Kogare/kogare_singing/00-svs-world/exp/kogare/duration/best_loss.pth
[2020-07-24 12:25:07,961][nnsvs][INFO] - [train_no_dev] [Epoch 10]: loss 0.06476079610486825
[2020-07-24 12:25:08,037][nnsvs][INFO] - [dev] [Epoch 10]: loss 0.026784807443618774
[2020-07-24 12:25:08,322][nnsvs][INFO] - [train_no_dev] [Epoch 11]: loss 0.054982325062155724
[2020-07-24 12:25:08,394][nnsvs][INFO] - [dev] [Epoch 11]: loss 0.05054667219519615
[2020-07-24 12:25:08,673][nnsvs][INFO] - [train_no_dev] [Epoch 12]: loss 0.049048990632096924
[2020-07-24 12:25:08,761][nnsvs][INFO] - [dev] [Epoch 12]: loss 0.004489746410399675
[2020-07-24 12:25:08,798][nnsvs][INFO] - [Best loss 0.004489746410399675: checkpoint is saved at /content/drive/Shared drives/台U/NNSVS/Training_data/Kogare/kogare_singing/00-svs-world/exp/kogare/duration/best_loss.pth
[2020-07-24 12:25:09,092][nnsvs][INFO] - [train_no_dev] [Epoch 13]: loss 0.04278978332877159
[2020-07-24 12:25:09,168][nnsvs][INFO] - [dev] [Epoch 13]: loss 0.010982587933540344
[2020-07-24 12:25:09,461][nnsvs][INFO] - [train_no_dev] [Epoch 14]: loss 0.037981571008761726
[2020-07-24 12:25:09,537][nnsvs][INFO] - [dev] [Epoch 14]: loss 0.021945949643850327
[2020-07-24 12:25:09,828][nnsvs][INFO] - [train_no_dev] [Epoch 15]: loss 0.0360382025440534
[2020-07-24 12:25:09,906][nnsvs][INFO] - [dev] [Epoch 15]: loss 0.00493426201865077
[2020-07-24 12:25:10,204][nnsvs][INFO] - [train_no_dev] [Epoch 16]: loss 0.038806189162035785
[2020-07-24 12:25:10,285][nnsvs][INFO] - [dev] [Epoch 16]: loss 0.00807901006191969
[2020-07-24 12:25:10,550][nnsvs][INFO] - [train_no_dev] [Epoch 17]: loss 0.031043388259907562
[2020-07-24 12:25:10,624][nnsvs][INFO] - [dev] [Epoch 17]: loss 0.009646850638091564
[2020-07-24 12:25:10,898][nnsvs][INFO] - [train_no_dev] [Epoch 18]: loss 0.03136614213387171
[2020-07-24 12:25:10,985][nnsvs][INFO] - [dev] [Epoch 18]: loss 0.003865267150104046
[2020-07-24 12:25:11,017][nnsvs][INFO] - [Best loss 0.003865267150104046: checkpoint is saved at /content/drive/Shared drives/台U/NNSVS/Training_data/Kogare/kogare_singing/00-svs-world/exp/kogare/duration/best_loss.pth
[2020-07-24 12:25:11,312][nnsvs][INFO] - [train_no_dev] [Epoch 19]: loss 0.028783370430270832
[2020-07-24 12:25:11,391][nnsvs][INFO] - [dev] [Epoch 19]: loss 0.0031979454215615988
[2020-07-24 12:25:11,423][nnsvs][INFO] - [Best loss 0.0031979454215615988: checkpoint is saved at /content/drive/Shared drives/台U/NNSVS/Training_data/Kogare/kogare_singing/00-svs-world/exp/kogare/duration/best_loss.pth
[2020-07-24 12:25:11,710][nnsvs][INFO] - [train_no_dev] [Epoch 20]: loss 0.029413037312527496
[2020-07-24 12:25:11,840][nnsvs][INFO] - [dev] [Epoch 20]: loss 0.05308278650045395
[2020-07-24 12:25:12,840][nnsvs][INFO] - Checkpoint is saved at /content/drive/Shared drives/台U/NNSVS/Training_data/Kogare/kogare_singing/00-svs-world/exp/kogare/duration/checkpoint_epoch0020.pth
[2020-07-24 12:25:14,237][nnsvs][INFO] - [train_no_dev] [Epoch 21]: loss 0.030710454409321148
[2020-07-24 12:25:14,318][nnsvs][INFO] - [dev] [Epoch 21]: loss 0.009177022613584995
[2020-07-24 12:25:14,598][nnsvs][INFO] - [train_no_dev] [Epoch 22]: loss 0.02727444718281428
[2020-07-24 12:25:14,671][nnsvs][INFO] - [dev] [Epoch 22]: loss 0.007250750437378883
[2020-07-24 12:25:14,963][nnsvs][INFO] - [train_no_dev] [Epoch 23]: loss 0.027612523796657722
[2020-07-24 12:25:15,045][nnsvs][INFO] - [dev] [Epoch 23]: loss 0.003161002416163683
[2020-07-24 12:25:15,090][nnsvs][INFO] - [Best loss 0.003161002416163683: checkpoint is saved at /content/drive/Shared drives/台U/NNSVS/Training_data/Kogare/kogare_singing/00-svs-world/exp/kogare/duration/best_loss.pth
[2020-07-24 12:25:15,383][nnsvs][INFO] - [train_no_dev] [Epoch 24]: loss 0.02397451487680276
[2020-07-24 12:25:15,458][nnsvs][INFO] - [dev] [Epoch 24]: loss 0.002150727668777108
[2020-07-24 12:25:15,487][nnsvs][INFO] - [Best loss 0.002150727668777108: checkpoint is saved at /content/drive/Shared drives/台U/NNSVS/Training_data/Kogare/kogare_singing/00-svs-world/exp/kogare/duration/best_loss.pth
[2020-07-24 12:25:15,848][nnsvs][INFO] - [train_no_dev] [Epoch 25]: loss 0.01935055914024512
[2020-07-24 12:25:15,933][nnsvs][INFO] - [dev] [Epoch 25]: loss 0.005315463524311781
[2020-07-24 12:25:16,229][nnsvs][INFO] - [train_no_dev] [Epoch 26]: loss 0.02257264933238427
[2020-07-24 12:25:16,305][nnsvs][INFO] - [dev] [Epoch 26]: loss 0.004659690428525209
[2020-07-24 12:25:16,594][nnsvs][INFO] - [train_no_dev] [Epoch 27]: loss 0.020970587618649006
[2020-07-24 12:25:16,668][nnsvs][INFO] - [dev] [Epoch 27]: loss 0.003242466365918517
[2020-07-24 12:25:16,967][nnsvs][INFO] - [train_no_dev] [Epoch 28]: loss 0.020790662616491318
[2020-07-24 12:25:17,042][nnsvs][INFO] - [dev] [Epoch 28]: loss 0.0034314866643399
[2020-07-24 12:25:17,331][nnsvs][INFO] - [train_no_dev] [Epoch 29]: loss 0.021785255521535873
[2020-07-24 12:25:17,407][nnsvs][INFO] - [dev] [Epoch 29]: loss 0.005969126243144274
[2020-07-24 12:25:17,699][nnsvs][INFO] - [train_no_dev] [Epoch 30]: loss 0.020935644085208576
[2020-07-24 12:25:17,776][nnsvs][INFO] - [dev] [Epoch 30]: loss 0.005042861215770245
[2020-07-24 12:25:18,063][nnsvs][INFO] - [train_no_dev] [Epoch 31]: loss 0.01983546031018098
[2020-07-24 12:25:18,148][nnsvs][INFO] - [dev] [Epoch 31]: loss 0.005052368156611919
[2020-07-24 12:25:18,430][nnsvs][INFO] - [train_no_dev] [Epoch 32]: loss 0.01863733244438966
[2020-07-24 12:25:18,509][nnsvs][INFO] - [dev] [Epoch 32]: loss 0.007903754711151123
[2020-07-24 12:25:18,822][nnsvs][INFO] - [train_no_dev] [Epoch 33]: loss 0.022501437303920586
[2020-07-24 12:25:18,905][nnsvs][INFO] - [dev] [Epoch 33]: loss 0.007021351717412472
[2020-07-24 12:25:19,204][nnsvs][INFO] - [train_no_dev] [Epoch 34]: loss 0.02217803926517566
[2020-07-24 12:25:19,289][nnsvs][INFO] - [dev] [Epoch 34]: loss 0.007100977003574371
[2020-07-24 12:25:19,583][nnsvs][INFO] - [train_no_dev] [Epoch 35]: loss 0.019876977428793907
[2020-07-24 12:25:19,659][nnsvs][INFO] - [dev] [Epoch 35]: loss 0.009676755405962467
[2020-07-24 12:25:19,947][nnsvs][INFO] - [train_no_dev] [Epoch 36]: loss 0.017197331879287958
[2020-07-24 12:25:20,025][nnsvs][INFO] - [dev] [Epoch 36]: loss 0.005708180833607912
[2020-07-24 12:25:20,315][nnsvs][INFO] - [train_no_dev] [Epoch 37]: loss 0.02131910218546788
[2020-07-24 12:25:20,392][nnsvs][INFO] - [dev] [Epoch 37]: loss 0.006930165458470583
[2020-07-24 12:25:20,667][nnsvs][INFO] - [train_no_dev] [Epoch 38]: loss 0.020927265596886475
[2020-07-24 12:25:20,745][nnsvs][INFO] - [dev] [Epoch 38]: loss 0.010897878557443619
[2020-07-24 12:25:21,035][nnsvs][INFO] - [train_no_dev] [Epoch 39]: loss 0.017727953071395557
[2020-07-24 12:25:21,152][nnsvs][INFO] - [dev] [Epoch 39]: loss 0.006033959798514843
[2020-07-24 12:25:21,474][nnsvs][INFO] - [train_no_dev] [Epoch 40]: loss 0.01698868830377857
[2020-07-24 12:25:21,547][nnsvs][INFO] - [dev] [Epoch 40]: loss 0.007478369865566492
[2020-07-24 12:25:22,512][nnsvs][INFO] - Checkpoint is saved at /content/drive/Shared drives/台U/NNSVS/Training_data/Kogare/kogare_singing/00-svs-world/exp/kogare/duration/checkpoint_epoch0040.pth
[2020-07-24 12:25:22,855][nnsvs][INFO] - [train_no_dev] [Epoch 41]: loss 0.01786558423191309
[2020-07-24 12:25:22,937][nnsvs][INFO] - [dev] [Epoch 41]: loss 0.006784727331250906
[2020-07-24 12:25:23,234][nnsvs][INFO] - [train_no_dev] [Epoch 42]: loss 0.016888135423262913
[2020-07-24 12:25:23,317][nnsvs][INFO] - [dev] [Epoch 42]: loss 0.005180596373975277
[2020-07-24 12:25:23,621][nnsvs][INFO] - [train_no_dev] [Epoch 43]: loss 0.01591108599677682
[2020-07-24 12:25:23,695][nnsvs][INFO] - [dev] [Epoch 43]: loss 0.008246302604675293
[2020-07-24 12:25:23,969][nnsvs][INFO] - [train_no_dev] [Epoch 44]: loss 0.017112035769969225
[2020-07-24 12:25:24,050][nnsvs][INFO] - [dev] [Epoch 44]: loss 0.006422637961804867
[2020-07-24 12:25:24,342][nnsvs][INFO] - [train_no_dev] [Epoch 45]: loss 0.014785737885783115
[2020-07-24 12:25:24,419][nnsvs][INFO] - [dev] [Epoch 45]: loss 0.008837573230266571
[2020-07-24 12:25:24,698][nnsvs][INFO] - [train_no_dev] [Epoch 46]: loss 0.016488451045006514
[2020-07-24 12:25:24,776][nnsvs][INFO] - [dev] [Epoch 46]: loss 0.007616345304995775
[2020-07-24 12:25:25,052][nnsvs][INFO] - [train_no_dev] [Epoch 47]: loss 0.016881477708617847
[2020-07-24 12:25:25,130][nnsvs][INFO] - [dev] [Epoch 47]: loss 0.006217850372195244
[2020-07-24 12:25:25,417][nnsvs][INFO] - [train_no_dev] [Epoch 48]: loss 0.01795491420974334
[2020-07-24 12:25:25,493][nnsvs][INFO] - [dev] [Epoch 48]: loss 0.006794375833123922
[2020-07-24 12:25:25,774][nnsvs][INFO] - [train_no_dev] [Epoch 49]: loss 0.018544367359330256
[2020-07-24 12:25:25,852][nnsvs][INFO] - [dev] [Epoch 49]: loss 0.008720729500055313
[2020-07-24 12:25:26,169][nnsvs][INFO] - [train_no_dev] [Epoch 50]: loss 0.015886723684767883
[2020-07-24 12:25:26,250][nnsvs][INFO] - [dev] [Epoch 50]: loss 0.006486572325229645
[2020-07-24 12:25:26,974][nnsvs][INFO] - Checkpoint is saved at /content/drive/Shared drives/台U/NNSVS/Training_data/Kogare/kogare_singing/00-svs-world/exp/kogare/duration/checkpoint_epoch0050.pth
[2020-07-24 12:25:27,022][nnsvs][INFO] - The best loss was 0.002150727668777108
