[2020-07-15 16:04:25,928][nnsvs][INFO] - list_path: train_list.txt
out_path: dump/kogare/org/out_acoustic_scaler.joblib
scaler:
  class: sklearn.preprocessing.StandardScaler
  params: {}
verbose: 100

[2020-07-15 16:04:26,755][nnsvs][INFO] - mean:
[-6.04241894e-01  2.16318585e+00 -8.06981085e-01  6.06391188e-01
 -4.28608284e-01  6.30396055e-01 -3.45979026e-01 -1.55598689e-01
  3.00387446e-02  3.37040810e-02 -1.12319256e-01  2.35652730e-02
 -3.07745268e-02  7.38845270e-02 -1.20982621e-01  1.36544651e-01
 -5.29051878e-02  4.13514811e-02 -4.06850034e-02  3.95737825e-02
  4.08442647e-02  7.05078534e-03 -1.22075413e-01  1.28434119e-01
 -6.51702432e-02  3.84004687e-02 -4.21406449e-02  1.72618508e-02
 -4.79543851e-03 -1.26743450e-03  2.18547526e-02 -3.38017759e-02
  2.82294997e-02 -2.39480067e-02  3.44799351e-02 -3.31225004e-02
  1.81020466e-02 -1.49354334e-02  1.99548950e-02 -2.00468132e-02
  1.36045850e-02 -1.50425811e-02  1.91104732e-02 -2.83253824e-02
  2.36525378e-02 -2.00050953e-02  1.47177415e-02 -1.24295202e-02
  1.02540378e-02 -1.20997978e-02  1.88550728e-02 -2.24113266e-02
  2.21200645e-02 -1.48968796e-02  1.36919098e-02 -1.46569173e-02
  1.25276675e-02 -6.54463109e-03  9.53649773e-04  2.76111892e-03
  3.34360069e-03  2.53517705e-04  4.15876567e-05  5.10264752e-05
  2.68603844e-05  2.49275778e-05  3.99174048e-05  1.97276739e-05
  2.09171520e-05  9.80695269e-06 -2.37570909e-05 -3.16476430e-05
 -2.68194614e-05  1.65388593e-05  6.01321850e-05  3.15722534e-05
 -3.93644683e-05 -1.85690482e-06 -2.20369548e-05  2.07095521e-05
 -1.78683678e-05  5.35161537e-06  1.12652343e-05  3.18212960e-05
 -4.11742360e-05 -1.46965311e-06  1.03945394e-05  3.81593023e-06
  1.45313253e-05 -6.31612527e-06 -1.44811818e-05  1.03787837e-05
  1.31890688e-06 -3.58767146e-06  8.86762834e-06 -1.13140980e-05
  1.29105007e-05  1.60325668e-05 -1.00401216e-05  2.73694180e-06
  1.53907666e-05 -1.14646719e-05  1.08781309e-05  1.55489080e-05
  5.89437839e-06  1.89620664e-05  1.03920126e-06 -1.13148713e-05
  1.38339167e-06 -1.54123439e-05  1.61274714e-05 -4.24622876e-06
  1.80889138e-05 -1.96762825e-06 -2.05214209e-05 -4.88006393e-06
  2.68056656e-06  3.37616194e-06  9.51742389e-06 -6.23926493e-06
  2.19305136e-02 -4.57829214e-04 -2.13133907e-05 -1.57125997e-04
 -8.75246571e-05 -6.46484999e-05  2.19881750e-06  8.08739721e-06
 -4.25139499e-05 -4.36577815e-05  1.13744472e-05 -3.62585724e-05
  5.05022675e-09  1.04013853e-05  1.37380997e-04  2.18863381e-05
 -4.10934013e-05 -4.38214887e-05 -1.39561147e-05 -2.59063398e-05
  1.99026402e-05  7.54911745e-06  9.71596201e-05 -2.51486836e-05
 -4.67073359e-05 -3.94980187e-05  7.25527547e-05 -3.08742793e-05
  5.03850873e-05 -2.40889231e-05 -3.30474263e-05  2.86990353e-05
 -4.57935361e-06  6.16387501e-07 -1.92522234e-06  2.49980516e-06
  1.36152523e-05  1.94738642e-05  6.71551508e-06 -4.49791994e-06
  1.96740830e-05 -6.05401304e-06  9.04774042e-06  4.10179884e-05
 -1.28973487e-05  7.05649025e-05 -3.95108338e-05  6.01303618e-06
 -1.96457215e-05 -1.38248411e-05  1.48946131e-05  1.54245675e-05
  2.03855806e-05  2.37375775e-06 -4.62171772e-05 -3.12595887e-06
 -8.54040861e-06  2.44552353e-05  1.13750155e-05 -1.67028802e-05
 -1.79084921e-02  6.67339040e-06  5.86981884e-05  5.73634055e-01
 -1.90966176e+01 -1.41347908e+01 -1.73613087e+01 -1.13674556e+01
 -8.52425936e+00  3.98959847e-03  3.05975331e-03  4.20219836e-03
  1.65829983e-03  8.33381670e-04  1.95673151e-02  1.22349245e-02
  1.57777476e-02  1.03945359e-02  7.92186185e-03]
[2020-07-15 16:04:26,757][nnsvs][INFO] - std:
[1.12011312e+01 1.52867057e+00 7.18426210e-01 5.14398481e-01
 4.33937815e-01 5.89018873e-01 3.80355907e-01 2.61087514e-01
 2.14328656e-01 2.20490772e-01 2.05297119e-01 1.76996393e-01
 1.84817423e-01 1.85439210e-01 1.58720246e-01 1.68584707e-01
 1.42616410e-01 1.66701892e-01 1.35989957e-01 1.31812825e-01
 1.32114409e-01 1.15912172e-01 1.37943282e-01 1.34346980e-01
 1.10920678e-01 9.42856389e-02 9.19086415e-02 7.41009008e-02
 7.66808173e-02 7.79370579e-02 6.91961221e-02 7.09345192e-02
 6.52951217e-02 6.42952730e-02 6.35321926e-02 6.51004505e-02
 6.36341456e-02 5.86824212e-02 6.18963987e-02 5.20080573e-02
 5.78429785e-02 5.62012729e-02 5.32107136e-02 5.45608066e-02
 4.87738421e-02 4.89626935e-02 4.51152811e-02 4.39438151e-02
 4.46210539e-02 4.21466733e-02 4.31830110e-02 4.36289296e-02
 4.15876270e-02 4.27898227e-02 4.24530318e-02 3.95290611e-02
 3.87903928e-02 3.86132131e-02 3.58370052e-02 3.49297016e-02
 5.47307671e-01 8.57264827e-02 7.73196741e-02 5.83344531e-02
 6.14374736e-02 5.34816630e-02 5.42721859e-02 5.11317886e-02
 4.94306339e-02 4.88891393e-02 4.63650301e-02 4.60643743e-02
 4.59314857e-02 4.35422493e-02 4.26283794e-02 4.14443380e-02
 3.98901753e-02 3.99466222e-02 3.70249479e-02 3.57702837e-02
 3.39208890e-02 3.23584644e-02 3.13427346e-02 3.03014116e-02
 2.89523270e-02 2.88066492e-02 2.74181136e-02 2.72727149e-02
 2.59755513e-02 2.49189021e-02 2.42574784e-02 2.39332531e-02
 2.29520180e-02 2.32534458e-02 2.22912540e-02 2.25517769e-02
 2.22345846e-02 2.13586434e-02 2.19287768e-02 2.08613195e-02
 2.15465944e-02 2.08949853e-02 2.06450778e-02 2.09991646e-02
 2.08848875e-02 1.98520725e-02 1.96003518e-02 1.96815880e-02
 1.91961523e-02 1.80963724e-02 1.83049947e-02 1.83834884e-02
 1.80797359e-02 1.75520228e-02 1.80701223e-02 1.78772512e-02
 1.74586030e-02 1.71004645e-02 1.72751192e-02 1.68820503e-02
 1.08942115e+00 1.95611024e-01 1.87067355e-01 1.60411979e-01
 1.66302788e-01 1.50782382e-01 1.57032603e-01 1.60236734e-01
 1.53745376e-01 1.53353894e-01 1.46429612e-01 1.40296607e-01
 1.37859995e-01 1.44297775e-01 1.45957732e-01 1.36456397e-01
 1.28469233e-01 1.29357101e-01 1.20768703e-01 1.16098563e-01
 1.08841852e-01 1.05312402e-01 9.90426213e-02 9.75973572e-02
 9.58807821e-02 8.77983885e-02 8.78134595e-02 8.52068104e-02
 8.29721391e-02 8.01705732e-02 7.70524269e-02 7.94453362e-02
 7.41819855e-02 7.41589270e-02 7.29375642e-02 7.12039629e-02
 7.04839743e-02 6.97157347e-02 7.01180985e-02 6.94961177e-02
 6.81012834e-02 6.59003407e-02 6.65774586e-02 6.64964794e-02
 6.49653997e-02 6.29132606e-02 6.41467338e-02 6.35633690e-02
 6.39813271e-02 5.89541618e-02 5.99932578e-02 5.83361578e-02
 5.79373359e-02 5.72865122e-02 5.80538625e-02 5.70766531e-02
 5.62469739e-02 5.54398488e-02 5.55756201e-02 5.41270655e-02
 2.48245334e-02 2.00253936e-03 2.00860254e-03 4.94548303e-01
 6.05395131e+00 5.92467100e+00 7.05458340e+00 6.60084603e+00
 5.55821583e+00 9.78538652e-01 1.41403634e+00 1.75418275e+00
 1.75618143e+00 1.87347368e+00 2.26598537e+00 4.05880012e+00
 5.23175082e+00 5.37983263e+00 5.79242403e+00]
